{"meta": {"format": 3, "version": "7.13.0", "timestamp": "2025-12-21T00:59:48.249437", "branch_coverage": false, "show_contexts": false}, "files": {"distributional_ppo.py": {"executed_lines": [1, 80, 81, 82, 83, 84, 85, 86, 87, 88, 89, 90, 91, 92, 94, 95, 96, 97, 101, 102, 104, 105, 107, 109, 110, 111, 113, 114, 117, 121, 122, 123, 124, 125, 126, 146, 147, 148, 149, 151, 152, 156, 157, 158, 159, 160, 165, 167, 168, 173, 178, 193, 196, 208, 209, 211, 214, 217, 218, 219, 220, 221, 222, 223, 224, 225, 226, 227, 228, 229, 230, 231, 232, 233, 234, 235, 236, 237, 238, 239, 240, 241, 244, 247, 248, 249, 250, 251, 252, 253, 254, 255, 256, 257, 260, 261, 262, 265, 266, 269, 271, 272, 273, 274, 277, 278, 281, 284, 287, 288, 292, 293, 294, 295, 296, 297, 299, 302, 313, 314, 315, 317, 318, 323, 324, 328, 329, 334, 335, 337, 338, 339, 342, 343, 348, 349, 350, 351, 354, 355, 360, 370, 372, 373, 374, 375, 377, 378, 380, 381, 382, 383, 385, 387, 389, 391, 393, 395, 396, 399, 404, 405, 407, 408, 409, 411, 412, 413, 414, 416, 417, 419, 420, 421, 427, 428, 429, 430, 431, 432, 433, 436, 437, 438, 439, 440, 444, 445, 446, 447, 448, 449, 450, 451, 452, 453, 454, 455, 456, 457, 459, 460, 462, 463, 467, 468, 469, 471, 473, 474, 475, 476, 477, 478, 479, 480, 481, 482, 483, 484, 488, 489, 490, 492, 495, 498, 499, 500, 502, 503, 504, 505, 506, 507, 508, 509, 511, 512, 513, 515, 516, 518, 523, 524, 525, 526, 528, 531, 532, 537, 538, 540, 541, 542, 544, 547, 548, 549, 550, 552, 553, 554, 557, 560, 570, 571, 572, 573, 574, 575, 577, 578, 580, 586, 587, 589, 590, 591, 592, 593, 595, 596, 597, 598, 599, 601, 602, 603, 604, 605, 606, 607, 608, 609, 611, 612, 619, 620, 621, 623, 624, 625, 626, 628, 629, 630, 631, 633, 634, 635, 636, 637, 638, 639, 643, 644, 645, 648, 649, 650, 652, 653, 656, 657, 659, 664, 665, 666, 668, 669, 671, 672, 673, 675, 676, 677, 679, 682, 685, 686, 687, 689, 690, 692, 693, 694, 696, 697, 700, 701, 702, 703, 704, 706, 707, 709, 710, 711, 712, 714, 715, 721, 722, 724, 725, 728, 758, 760, 761, 763, 764, 766, 767, 769, 770, 772, 773, 774, 776, 777, 780, 781, 782, 784, 785, 786, 789, 790, 791, 793, 794, 796, 798, 799, 800, 802, 805, 806, 807, 808, 809, 810, 811, 812, 813, 814, 815, 816, 817, 818, 819, 821, 822, 823, 824, 827, 828, 829, 831, 832, 833, 834, 835, 836, 837, 840, 841, 843, 844, 846, 847, 849, 850, 852, 853, 855, 856, 859, 860, 861, 863, 864, 865, 866, 867, 868, 869, 870, 871, 872, 873, 876, 877, 878, 880, 881, 882, 883, 884, 885, 886, 887, 904, 905, 912, 927, 928, 929, 930, 931, 932, 933, 935, 936, 937, 938, 939, 940, 941, 942, 943, 945, 946, 947, 948, 950, 951, 952, 954, 955, 956, 957, 958, 960, 962, 963, 968, 971, 973, 974, 975, 976, 977, 978, 979, 980, 981, 982, 983, 985, 986, 987, 989, 990, 993, 994, 995, 997, 998, 999, 1000, 1001, 1002, 1003, 1004, 1006, 1007, 1008, 1009, 1010, 1011, 1012, 1017, 1018, 1019, 1020, 1021, 1022, 1023, 1024, 1025, 1026, 1027, 1028, 1030, 1031, 1038, 1039, 1040, 1041, 1043, 1044, 1045, 1046, 1047, 1048, 1049, 1050, 1051, 1052, 1054, 1055, 1056, 1058, 1059, 1060, 1061, 1062, 1063, 1065, 1066, 1071, 1092, 1093, 1097, 1105, 1106, 1108, 1110, 1111, 1112, 1114, 1115, 1116, 1117, 1118, 1120, 1121, 1122, 1123, 1124, 1127, 1128, 1129, 1130, 1132, 1133, 1136, 1137, 1138, 1139, 1140, 1142, 1143, 1144, 1145, 1146, 1147, 1148, 1149, 1150, 1152, 1153, 1154, 1155, 1156, 1158, 1166, 1167, 1168, 1169, 1170, 1172, 1173, 1174, 1175, 1177, 1180, 1181, 1182, 1185, 1186, 1190, 1191, 1192, 1193, 1194, 1195, 1196, 1199, 1200, 1201, 1204, 1205, 1206, 1211, 1212, 1213, 1219, 1220, 1222, 1223, 1224, 1225, 1229, 1231, 1244, 1246, 1247, 1248, 1249, 1250, 1251, 1252, 1253, 1254, 1255, 1256, 1257, 1259, 1266, 1267, 1268, 1269, 1270, 1271, 1272, 1273, 1274, 1275, 1276, 1277, 1278, 1279, 1280, 1281, 1282, 1284, 1289, 1299, 1300, 1301, 1302, 1303, 1304, 1305, 1306, 1307, 1308, 1309, 1310, 1319, 1321, 1324, 1325, 1326, 1327, 1328, 1330, 1331, 1332, 1333, 1334, 1335, 1336, 1339, 1343, 1344, 1346, 1347, 1348, 1349, 1350, 1351, 1352, 1353, 1355, 1356, 1358, 1359, 1360, 1361, 1362, 1363, 1364, 1365, 1366, 1367, 1369, 1370, 1372, 1373, 1374, 1375, 1377, 1378, 1379, 1382, 1386, 1400, 1409, 1410, 1412, 1413, 1414, 1416, 1417, 1418, 1434, 1435, 1437, 1438, 1472, 1481, 1482, 1483, 1484, 1485, 1487, 1488, 1489, 1490, 1491, 1493, 1502, 1503, 1504, 1505, 1506, 1507, 1508, 1509, 1510, 1511, 1512, 1513, 1515, 1516, 1517, 1518, 1519, 1520, 1521, 1523, 1524, 1525, 1526, 1527, 1528, 1530, 1531, 1533, 1534, 1535, 1536, 1538, 1539, 1540, 1541, 1542, 1544, 1558, 1561, 1563, 1565, 1566, 1567, 1569, 1570, 1571, 1574, 1575, 1576, 1578, 1582, 1585, 1597, 1598, 1599, 1600, 1604, 1606, 1607, 1608, 1609, 1613, 1615, 1624, 1633, 1636, 1638, 1639, 1640, 1642, 1658, 1659, 1660, 1663, 1664, 1665, 1666, 1667, 1669, 1672, 1673, 1674, 1676, 1679, 1680, 1681, 1683, 1684, 1685, 1687, 1688, 1689, 1690, 1691, 1693, 1699, 1703, 1704, 1705, 1707, 1711, 1715, 1719, 1724, 1730, 1731, 1732, 1733, 1735, 1737, 1738, 1739, 1743, 1744, 1745, 1746, 1747, 1748, 1749, 1750, 1751, 1752, 1755, 1756, 1757, 1758, 1760, 1761, 1762, 1763, 1764, 1766, 1767, 1768, 1769, 1770, 1771, 1772, 1773, 1774, 1775, 1778, 1779, 1780, 1781, 1783, 1784, 1789, 1790, 1791, 1792, 1794, 1795, 1796, 1797, 1799, 1800, 1804, 1805, 1809, 1831, 1832, 1893, 1894, 1895, 1897, 1899, 1900, 1903, 1904, 1906, 1907, 1908, 1910, 1911, 1912, 1913, 1914, 1915, 1916, 1917, 1921, 1932, 1933, 1935, 1936, 1938, 1948, 1949, 1950, 1953, 1954, 1959, 1960, 1961, 1966, 1967, 1968, 1969, 1973, 1974, 1975, 1979, 1982, 1983, 1984, 1988, 1989, 1991, 1992, 1993, 1994, 1995, 1996, 2000, 2001, 2002, 2007, 2018, 2019, 2020, 2023, 2024, 2026, 2027, 2028, 2030, 2031, 2033, 2035, 2036, 2037, 2038, 2040, 2041, 2042, 2043, 2044, 2050, 2052, 2053, 2054, 2055, 2056, 2062, 2064, 2067, 2068, 2071, 2072, 2073, 2076, 2077, 2078, 2082, 2083, 2085, 2086, 2087, 2088, 2091, 2092, 2093, 2094, 2096, 2099, 2102, 2105, 2111, 2122, 2130, 2138, 2139, 2140, 2142, 2144, 2146, 2148, 2149, 2150, 2152, 2153, 2154, 2155, 2157, 2158, 2159, 2161, 2163, 2164, 2165, 2166, 2168, 2169, 2173, 2174, 2176, 2177, 2178, 2179, 2180, 2181, 2183, 2184, 2185, 2188, 2189, 2190, 2191, 2193, 2195, 2196, 2197, 2198, 2199, 2200, 2201, 2202, 2203, 2204, 2205, 2206, 2207, 2208, 2211, 2213, 2214, 2215, 2216, 2217, 2218, 2219, 2220, 2221, 2222, 2223, 2225, 2226, 2229, 2230, 2231, 2233, 2234, 2235, 2236, 2238, 2239, 2240, 2241, 2243, 2244, 2247, 2248, 2249, 2250, 2251, 2253, 2254, 2257, 2258, 2260, 2261, 2265, 2266, 2282, 2283, 2284, 2285, 2286, 2287, 2288, 2289, 2291, 2292, 2306, 2307, 2308, 2309, 2310, 2311, 2313, 2343, 2344, 2345, 2347, 2348, 2349, 2354, 2355, 2356, 2358, 2359, 2361, 2390, 2394, 2397, 2408, 2411, 2413, 2414, 2422, 2426, 2428, 2429, 2432, 2433, 2437, 2438, 2439, 2440, 2441, 2448, 2449, 2450, 2451, 2452, 2459, 2488, 2524, 2526, 2529, 2532, 2533, 2541, 2550, 2551, 2552, 2553, 2554, 2556, 2557, 2559, 2560, 2561, 2567, 2568, 2578, 2596, 2604, 2605, 2607, 2608, 2609, 2611, 2613, 2616, 2617, 2618, 2620, 2621, 2622, 2623, 2624, 2626, 2627, 2629, 2634, 2635, 2636, 2637, 2639, 2640, 2641, 2642, 2644, 2645, 2647, 2648, 2649, 2650, 2657, 2658, 2659, 2660, 2662, 2664, 2665, 2666, 2667, 2669, 2670, 2673, 2674, 2675, 2676, 2679, 2680, 2681, 2682, 2685, 2686, 2687, 2688, 2689, 2704, 2706, 2707, 2708, 2709, 2710, 2713, 2714, 2715, 2718, 2723, 2731, 2732, 2736, 2743, 2744, 2747, 2748, 2754, 2756, 2757, 2758, 2759, 2760, 2761, 2762, 2763, 2764, 2766, 2767, 2768, 2769, 2770, 2771, 2772, 2774, 2775, 2777, 2784, 2785, 2786, 2787, 2788, 2789, 2790, 2791, 2792, 2793, 2794, 2795, 2796, 2797, 2798, 2799, 2800, 2801, 2802, 2803, 2804, 2805, 2806, 2808, 2809, 2810, 2811, 2812, 2814, 2815, 2816, 2817, 2819, 2820, 2821, 2823, 2825, 2826, 2827, 2828, 2832, 2834, 2836, 2838, 2839, 2840, 2841, 2842, 2843, 2844, 2845, 2846, 2847, 2848, 2851, 2852, 2854, 2859, 2860, 2862, 2863, 2864, 2865, 2867, 2868, 2869, 2870, 2871, 2872, 2874, 2876, 2877, 2883, 2884, 2885, 2887, 2895, 2898, 2901, 2903, 2918, 2919, 2921, 2922, 2923, 2925, 2926, 2927, 2929, 2930, 2932, 2934, 2935, 2936, 2937, 2938, 2939, 2940, 2941, 2944, 2946, 2954, 2955, 2957, 2958, 2959, 2961, 2963, 2966, 2967, 2969, 2970, 2972, 2973, 2975, 2977, 2978, 2999, 3000, 3002, 3003, 3006, 3007, 3010, 3013, 3014, 3015, 3017, 3018, 3029, 3030, 3031, 3032, 3033, 3035, 3037, 3044, 3045, 3047, 3050, 3051, 3053, 3054, 3056, 3057, 3059, 3067, 3068, 3070, 3071, 3072, 3074, 3076, 3077, 3078, 3080, 3081, 3084, 3088, 3089, 3092, 3093, 3095, 3096, 3097, 3098, 3100, 3103, 3104, 3105, 3107, 3108, 3109, 3112, 3118, 3119, 3120, 3121, 3122, 3123, 3125, 3126, 3127, 3128, 3129, 3130, 3132, 3133, 3134, 3135, 3137, 3138, 3141, 3142, 3144, 3145, 3146, 3147, 3148, 3150, 3152, 3153, 3154, 3155, 3156, 3158, 3184, 3185, 3186, 3189, 3191, 3193, 3196, 3197, 3202, 3204, 3205, 3206, 3207, 3208, 3209, 3211, 3213, 3214, 3217, 3219, 3221, 3223, 3224, 3225, 3230, 3232, 3233, 3234, 3235, 3236, 3237, 3243, 3244, 3245, 3246, 3247, 3249, 3251, 3320, 3321, 3322, 3323, 3324, 3325, 3328, 3329, 3330, 3331, 3332, 3334, 3335, 3337, 3339, 3340, 3341, 3342, 3343, 3344, 3353, 3354, 3356, 3359, 3362, 3363, 3364, 3365, 3368, 3375, 3382, 3388, 3417, 3423, 3424, 3425, 3426, 3428, 3433, 3440, 3441, 3442, 3443, 3447, 3448, 3449, 3450, 3452, 3453, 3454, 3459, 3460, 3463, 3464, 3465, 3466, 3468, 3469, 3470, 3472, 3473, 3476, 3482, 3483, 3487, 3491, 3494, 3498, 3499, 3503, 3507, 3508, 3513, 3520, 3523, 3528, 3531, 3537, 3539, 3543, 3544, 3547, 3548, 3549, 3558, 3559, 3560, 3563, 3564, 3567, 3568, 3569, 3570, 3573, 3578, 3585, 3586, 3590, 3594, 3597, 3612, 3613, 3614, 3615, 3622, 3627, 3636, 3637, 3639, 3647, 3648, 3649, 3650, 3651, 3652, 3653, 3663, 3666, 3669, 3670, 3680, 3687, 3711, 3712, 3718, 3724, 3760, 3761, 3763, 3764, 3776, 3777, 3779, 3780, 3781, 3782, 3788, 3789, 3794, 3811, 3812, 3814, 3815, 3816, 3821, 3823, 3829, 3831, 3832, 3833, 3834, 3836, 3838, 3894, 3895, 3897, 3898, 3900, 3920, 3921, 3930, 3932, 3943, 3944, 3945, 3951, 3952, 3955, 3956, 3961, 3962, 3968, 3970, 4004, 4005, 4007, 4008, 4011, 4012, 4016, 4017, 4019, 4020, 4023, 4024, 4025, 4026, 4033, 4034, 4035, 4037, 4042, 4043, 4044, 4047, 4052, 4053, 4055, 4082, 4083, 4089, 4090, 4091, 4093, 4094, 4095, 4096, 4099, 4100, 4103, 4104, 4105, 4108, 4110, 4111, 4112, 4117, 4118, 4121, 4124, 4125, 4128, 4129, 4130, 4131, 4132, 4133, 4136, 4140, 4141, 4144, 4145, 4149, 4150, 4151, 4154, 4156, 4159, 4160, 4167, 4169, 4171, 4175, 4176, 4182, 4183, 4184, 4185, 4188, 4191, 4196, 4202, 4204, 4206, 4207, 4210, 4211, 4212, 4213, 4216, 4217, 4220, 4221, 4224, 4230, 4232, 4233, 4236, 4237, 4245, 4246, 4252, 4254, 4261, 4263, 4276, 4278, 4287, 4288, 4295, 4296, 4297, 4298, 4299, 4300, 4307, 4312, 4320, 4323, 4324, 4327, 4331, 4334, 4338, 4340, 4341, 4342, 4343, 4344, 4349, 4354, 4356, 4357, 4358, 4359, 4362, 4363, 4378, 4380, 4387, 4388, 4391, 4392, 4395, 4396, 4397, 4400, 4401, 4404, 4405, 4408, 4409, 4410, 4411, 4412, 4413, 4414, 4415, 4416, 4417, 4418, 4420, 4421, 4422, 4423, 4424, 4425, 4427, 4428, 4430, 4432, 4433, 4434, 4439, 4440, 4441, 4443, 4444, 4445, 4446, 4447, 4448, 4451, 4457, 4460, 4461, 4463, 4464, 4465, 4474, 4475, 4476, 4478, 4479, 4481, 4482, 4484, 4485, 4486, 4487, 4488, 4489, 4490, 4491, 4492, 4493, 4494, 4495, 4497, 4502, 4503, 4504, 4506, 4507, 4510, 4511, 4519, 4520, 4522, 4524, 4525, 4526, 4528, 4537, 4538, 4539, 4540, 4542, 4543, 4549, 4550, 4551, 4552, 4554, 4555, 4557, 4559, 4562, 4563, 4564, 4566, 4567, 4569, 4573, 4574, 4575, 4577, 4579, 4593, 4594, 4595, 4596, 4597, 4599, 4604, 4606, 4607, 4608, 4609, 4610, 4611, 4613, 4614, 4615, 4617, 4618, 4619, 4620, 4621, 4622, 4624, 4625, 4626, 4627, 4628, 4630, 4633, 4634, 4638, 4639, 4643, 4644, 4645, 4647, 4652, 4653, 4654, 4656, 4657, 4658, 4659, 4660, 4661, 4662, 4667, 4668, 4676, 4681, 4683, 4684, 4685, 4689, 4696, 4704, 4705, 4706, 4707, 4710, 4713, 4715, 4716, 4725, 4726, 4727, 4728, 4729, 4730, 4731, 4732, 4734, 4735, 4736, 4737, 4739, 4740, 4741, 4742, 4743, 4744, 4746, 4750, 4751, 4757, 4758, 4761, 4763, 4766, 4767, 4768, 4769, 4770, 4771, 4772, 4773, 4774, 4776, 4777, 4778, 4781, 4782, 4783, 4784, 4785, 4786, 4788, 4789, 4790, 4793, 4794, 4795, 4796, 4797, 4798, 4800, 4801, 4804, 4805, 4806, 4807, 4808, 4810, 4811, 4812, 4813, 4814, 4816, 4817, 4819, 4820, 4821, 4823, 4824, 4826, 4828, 4833, 4834, 4836, 4839, 4841, 4844, 4845, 4846, 4847, 4848, 4849, 4851, 4853, 4854, 4855, 4856, 4858, 4859, 4862, 4863, 4864, 4865, 4866, 4867, 4868, 4869, 4870, 4871, 4872, 4873, 4874, 4875, 4876, 4878, 4886, 4887, 4888, 4890, 4891, 4893, 4894, 4895, 4896, 4897, 4898, 4899, 4900, 4901, 4903, 4913, 4914, 4915, 4916, 4917, 4919, 4921, 4922, 4923, 4925, 4927, 4928, 4932, 4933, 4935, 4941, 4942, 4943, 4944, 4946, 4947, 4948, 4950, 4951, 4953, 4954, 4959, 4960, 4961, 4962, 4963, 4965, 4966, 4967, 4973, 4975, 4976, 4977, 4979, 4981, 4982, 4983, 4984, 4985, 4989, 4994, 5000, 5001, 5003, 5004, 5005, 5007, 5009, 5010, 5011, 5012, 5013, 5015, 5048, 5049, 5050, 5051, 5052, 5053, 5054, 5055, 5056, 5057, 5058, 5061, 5062, 5063, 5064, 5065, 5066, 5067, 5068, 5069, 5070, 5071, 5072, 5073, 5074, 5075, 5076, 5077, 5079, 5080, 5081, 5082, 5084, 5085, 5086, 5087, 5089, 5090, 5091, 5092, 5093, 5095, 5097, 5098, 5099, 5100, 5101, 5103, 5104, 5105, 5106, 5108, 5109, 5110, 5112, 5115, 5116, 5117, 5119, 5120, 5123, 5124, 5126, 5128, 5130, 5131, 5133, 5135, 5136, 5137, 5151, 5160, 5161, 5164, 5165, 5166, 5167, 5169, 5175, 5176, 5179, 5180, 5181, 5183, 5189, 5191, 5192, 5193, 5194, 5195, 5196, 5197, 5198, 5199, 5200, 5202, 5204, 5209, 5210, 5211, 5212, 5214, 5220, 5221, 5222, 5223, 5224, 5225, 5227, 5228, 5229, 5230, 5231, 5232, 5234, 5238, 5239, 5240, 5246, 5252, 5257, 5258, 5260, 5261, 5263, 5265, 5268, 5269, 5270, 5271, 5272, 5273, 5274, 5275, 5277, 5279, 5281, 5286, 5289, 5290, 5293, 5294, 5296, 5297, 5299, 5301, 5302, 5303, 5304, 5306, 5307, 5308, 5310, 5311, 5335, 5338, 5342, 5356, 5369, 5393, 5394, 5396, 5399, 5400, 5401, 5402, 5403, 5405, 5406, 5407, 5408, 5409, 5410, 5411, 5412, 5414, 5415, 5416, 5417, 5418, 5419, 5420, 5421, 5423, 5425, 5450, 5459, 5462, 5463, 5465, 5466, 5467, 5468, 5471, 5473, 5474, 5475, 5476, 5480, 5481, 5482, 5483, 5484, 5485, 5486, 5487, 5488, 5490, 5491, 5492, 5493, 5494, 5495, 5497, 5498, 5503, 5504, 5505, 5509, 5510, 5512, 5513, 5514, 5517, 5518, 5519, 5521, 5522, 5523, 5525, 5526, 5528, 5529, 5536, 5537, 5539, 5541, 5542, 5550, 5551, 5553, 5554, 5557, 5558, 5559, 5563, 5564, 5565, 5566, 5567, 5568, 5572, 5577, 5578, 5579, 5581, 5593, 5594, 5595, 5596, 5599, 5600, 5601, 5602, 5603, 5604, 5605, 5606, 5607, 5609, 5611, 5615, 5617, 5618, 5619, 5621, 5623, 5624, 5626, 5633, 5634, 5635, 5636, 5639, 5640, 5642, 5643, 5644, 5647, 5648, 5649, 5651, 5652, 5653, 5659, 5662, 5663, 5664, 5666, 5667, 5668, 5671, 5672, 5673, 5674, 5675, 5676, 5677, 5678, 5679, 5680, 5684, 5685, 5688, 5689, 5690, 5691, 5692, 5693, 5694, 5695, 5696, 5697, 5699, 5701, 5702, 5703, 5704, 5705, 5707, 5708, 5710, 5711, 5712, 5713, 5714, 5716, 5718, 5719, 5724, 5725, 5726, 5728, 5729, 5730, 5731, 5734, 5735, 5736, 5737, 5738, 5746, 5747, 5753, 5759, 5765, 5766, 5770, 5772, 5781, 5782, 5783, 5784, 5785, 5786, 5788, 5791, 5795, 5796, 5798, 5801, 5802, 5805, 5808, 5813, 5815, 5816, 5818, 5828, 5829, 5830, 5831, 5832, 5833, 5834, 5835, 5836, 5838, 5844, 5845, 5846, 5847, 5848, 5850, 5851, 5852, 5853, 5854, 5855, 5857, 5860, 5866, 5869, 5870, 5871, 5873, 5874, 5875, 5878, 5879, 5881, 5882, 5883, 5884, 5885, 5888, 5889, 5890, 5893, 5899, 5900, 5901, 5902, 5903, 5905, 5906, 5907, 5908, 5909, 5910, 5911, 5912, 5915, 5916, 5921, 5922, 5923, 5924, 5925, 5927, 5928, 5930, 5931, 5932, 5933, 5934, 5935, 5937, 5938, 5939, 5940, 5941, 5943, 5944, 5945, 5947, 5948, 5949, 5950, 5951, 5954, 5955, 5956, 5958, 5959, 5960, 5961, 5964, 5965, 5966, 5968, 5970, 5971, 5972, 5973, 5982, 5983, 5984, 5985, 5986, 5997, 5999, 6007, 6008, 6009, 6011, 6012, 6013, 6016, 6017, 6019, 6020, 6021, 6022, 6023, 6024, 6026, 6030, 6032, 6033, 6034, 6037, 6039, 6040, 6042, 6043, 6045, 6046, 6047, 6049, 6051, 6052, 6053, 6056, 6057, 6059, 6060, 6061, 6062, 6064, 6065, 6068, 6069, 6070, 6075, 6077, 6078, 6079, 6080, 6081, 6082, 6085, 6090, 6091, 6093, 6094, 6095, 6097, 6102, 6103, 6104, 6105, 6106, 6107, 6108, 6109, 6110, 6111, 6112, 6115, 6118, 6119, 6120, 6121, 6123, 6128, 6129, 6130, 6131, 6132, 6133, 6134, 6135, 6138, 6139, 6144, 6149, 6150, 6152, 6153, 6156, 6158, 6245, 6247, 6248, 6249, 6250, 6251, 6252, 6253, 6254, 6256, 6262, 6263, 6264, 6265, 6266, 6267, 6268, 6269, 6270, 6271, 6272, 6273, 6274, 6275, 6276, 6277, 6278, 6279, 6280, 6283, 6284, 6286, 6287, 6288, 6289, 6290, 6291, 6292, 6293, 6294, 6296, 6297, 6298, 6299, 6300, 6301, 6302, 6316, 6317, 6318, 6319, 6323, 6324, 6325, 6328, 6329, 6330, 6331, 6332, 6333, 6338, 6339, 6340, 6341, 6343, 6344, 6345, 6347, 6348, 6349, 6350, 6352, 6355, 6356, 6359, 6360, 6362, 6363, 6364, 6365, 6366, 6369, 6370, 6373, 6376, 6377, 6379, 6380, 6381, 6385, 6386, 6389, 6392, 6393, 6394, 6397, 6398, 6399, 6401, 6404, 6405, 6407, 6409, 6412, 6413, 6414, 6415, 6416, 6419, 6420, 6422, 6424, 6427, 6429, 6430, 6431, 6433, 6434, 6435, 6437, 6438, 6439, 6441, 6442, 6443, 6445, 6446, 6447, 6449, 6450, 6451, 6454, 6455, 6458, 6461, 6462, 6464, 6465, 6467, 6470, 6472, 6473, 6474, 6475, 6478, 6479, 6486, 6488, 6497, 6498, 6500, 6503, 6506, 6508, 6511, 6512, 6513, 6515, 6516, 6518, 6519, 6520, 6521, 6523, 6524, 6525, 6527, 6528, 6530, 6534, 6535, 6536, 6537, 6539, 6540, 6541, 6542, 6543, 6546, 6549, 6550, 6551, 6554, 6556, 6560, 6563, 6565, 6567, 6571, 6574, 6576, 6579, 6581, 6585, 6587, 6588, 6590, 6592, 6595, 6596, 6597, 6598, 6601, 6603, 6613, 6614, 6619, 6620, 6622, 6623, 6625, 6627, 6630, 6631, 6632, 6634, 6637, 6640, 6643, 6646, 6647, 6648, 6649, 6652, 6653, 6654, 6655, 6656, 6657, 6658, 6659, 6660, 6661, 6662, 6663, 6664, 6666, 6667, 6670, 6671, 6672, 6673, 6674, 6675, 6676, 6677, 6679, 6680, 6682, 6683, 6684, 6685, 6687, 6688, 6689, 6690, 6692, 6693, 6694, 6695, 6696, 6697, 6698, 6699, 6701, 6702, 6705, 6706, 6707, 6708, 6709, 6712, 6722, 6723, 6724, 6725, 6726, 6727, 6728, 6729, 6730, 6731, 6732, 6733, 6734, 6735, 6737, 6738, 6739, 6740, 6741, 6742, 6743, 6744, 6745, 6746, 6747, 6748, 6749, 6750, 6751, 6752, 6753, 6754, 6755, 6756, 6757, 6758, 6759, 6760, 6761, 6762, 6763, 6764, 6765, 6766, 6767, 6768, 6769, 6770, 6771, 6772, 6773, 6774, 6775, 6776, 6777, 6778, 6779, 6780, 6783, 6784, 6787, 6788, 6789, 6790, 6793, 6796, 6798, 6799, 6800, 6801, 6803, 6804, 6805, 6806, 6807, 6808, 6809, 6811, 6812, 6813, 6815, 6816, 6817, 6821, 6822, 6823, 6827, 6828, 6829, 6831, 6832, 6833, 6837, 6838, 6839, 6843, 6844, 6845, 6846, 6849, 6850, 6851, 6855, 6857, 6858, 6859, 6860, 6861, 6862, 6863, 6864, 6865, 6866, 6867, 6870, 6871, 6872, 6873, 6874, 6875, 6877, 6878, 6879, 6880, 6881, 6882, 6884, 6886, 6887, 6889, 6890, 6891, 6892, 6893, 6894, 6896, 6897, 6898, 6899, 6900, 6901, 6902, 6903, 6904, 6906, 6907, 6908, 6909, 6910, 6912, 6913, 6914, 6915, 6916, 6917, 6919, 6920, 6921, 6922, 6923, 6924, 6925, 6926, 6928, 6929, 6930, 6931, 6932, 6935, 6936, 6939, 6940, 6941, 6944, 6945, 6948, 6949, 6950, 6953, 6954, 6957, 6958, 6960, 6961, 6963, 6964, 6965, 6966, 6967, 6968, 6969, 6970, 6971, 6972, 6977, 6978, 6979, 6980, 6981, 6985, 6986, 6990, 6991, 6992, 6994, 6999, 7001, 7002, 7003, 7004, 7005, 7006, 7010, 7011, 7013, 7015, 7018, 7019, 7021, 7022, 7024, 7026, 7029, 7030, 7033, 7039, 7044, 7045, 7046, 7048, 7050, 7052, 7055, 7056, 7058, 7063, 7066, 7071, 7075, 7079, 7080, 7081, 7084, 7085, 7089, 7093, 7096, 7097, 7099, 7100, 7103, 7104, 7107, 7110, 7114, 7115, 7119, 7122, 7123, 7127, 7128, 7131, 7135, 7136, 7140, 7141, 7145, 7149, 7151, 7152, 7154, 7155, 7156, 7157, 7160, 7163, 7164, 7165, 7166, 7167, 7168, 7170, 7175, 7176, 7177, 7184, 7185, 7186, 7187, 7188, 7189, 7190, 7191, 7195, 7196, 7200, 7201, 7202, 7203, 7207, 7208, 7209, 7210, 7212, 7213, 7214, 7215, 7216, 7218, 7219, 7221, 7223, 7224, 7225, 7226, 7227, 7228, 7232, 7233, 7236, 7237, 7239, 7240, 7242, 7243, 7244, 7245, 7246, 7247, 7250, 7251, 7252, 7254, 7255, 7258, 7259, 7260, 7263, 7268, 7269, 7271, 7272, 7275, 7276, 7278, 7279, 7280, 7282, 7285, 7286, 7287, 7288, 7289, 7290, 7291, 7297, 7298, 7299, 7300, 7301, 7302, 7303, 7305, 7306, 7308, 7309, 7312, 7314, 7315, 7316, 7317, 7319, 7320, 7321, 7323, 7324, 7326, 7327, 7329, 7330, 7331, 7332, 7333, 7334, 7335, 7336, 7337, 7338, 7339, 7340, 7342, 7346, 7347, 7349, 7352, 7353, 7354, 7355, 7356, 7357, 7360, 7361, 7362, 7363, 7368, 7371, 7372, 7374, 7375, 7378, 7380, 7381, 7382, 7384, 7385, 7388, 7390, 7391, 7392, 7396, 7397, 7400, 7402, 7419, 7427, 7435, 7438, 7439, 7443, 7445, 7446, 7449, 7451, 7452, 7453, 7455, 7456, 7458, 7468, 7470, 7471, 7479, 7480, 7481, 7489, 7491, 7492, 7495, 7497, 7503, 7504, 7505, 7511, 7512, 7513, 7516, 7517, 7519, 7520, 7521, 7525, 7535, 7536, 7538, 7542, 7552, 7553, 7562, 7569, 7571, 7572, 7573, 7574, 7578, 7580, 7592, 7595, 7596, 7597, 7598, 7601, 7604, 7605, 7607, 7609, 7611, 7612, 7614, 7616, 7619, 7620, 7621, 7622, 7625, 7626, 7627, 7628, 7635, 7640, 7641, 7642, 7645, 7646, 7648, 7649, 7654, 7655, 7656, 7657, 7658, 7659, 7660, 7661, 7662, 7665, 7669, 7670, 7671, 7672, 7674, 7675, 7677, 7678, 7679, 7680, 7681, 7682, 7683, 7684, 7685, 7686, 7688, 7691, 7693, 7694, 7695, 7697, 7698, 7699, 7700, 7701, 7703, 7704, 7705, 7706, 7707, 7708, 7709, 7710, 7712, 7713, 7714, 7716, 7717, 7718, 7719, 7721, 7722, 7724, 7725, 7726, 7727, 7728, 7729, 7731, 7732, 7733, 7734, 7735, 7736, 7737, 7738, 7739, 7740, 7741, 7742, 7743, 7744, 7745, 7746, 7747, 7748, 7749, 7750, 7751, 7752, 7753, 7754, 7755, 7756, 7759, 7760, 7761, 7763, 7781, 7786, 7787, 7788, 7790, 7791, 7793, 7795, 7798, 7799, 7800, 7801, 7802, 7803, 7804, 7805, 7806, 7808, 7810, 7816, 7817, 7820, 7823, 7824, 7825, 7826, 7827, 7828, 7830, 7831, 7832, 7833, 7834, 7835, 7836, 7837, 7838, 7842, 7848, 7849, 7850, 7851, 7852, 7854, 7857, 7858, 7859, 7861, 7862, 7865, 7866, 7867, 7869, 7870, 7874, 7875, 7877, 7890, 7893, 7894, 7895, 7896, 7898, 7899, 7902, 7903, 7904, 7905, 7906, 7907, 7909, 7911, 7914, 7915, 7916, 7917, 7918, 7920, 7922, 7924, 7926, 7929, 7935, 7937, 7940, 7943, 7946, 7947, 7950, 7951, 7954, 7962, 7963, 7964, 7965, 7966, 7968, 7969, 7972, 7973, 7974, 7975, 7976, 7979, 7980, 7981, 7982, 7984, 7985, 7986, 7987, 7988, 7990, 7993, 7994, 7995, 7996, 7997, 7998, 7999, 8000, 8001, 8003, 8006, 8007, 8008, 8009, 8022, 8023, 8024, 8025, 8026, 8028, 8029, 8030, 8034, 8035, 8036, 8037, 8038, 8039, 8041, 8042, 8043, 8044, 8046, 8048, 8049, 8050, 8051, 8053, 8054, 8055, 8056, 8057, 8058, 8061, 8063, 8064, 8070, 8073, 8074, 8075, 8077, 8078, 8081, 8082, 8083, 8086, 8087, 8089, 8094, 8095, 8097, 8101, 8102, 8104, 8105, 8107, 8108, 8111, 8112, 8114, 8115, 8119, 8120, 8127, 8128, 8129, 8136, 8137, 8139, 8140, 8141, 8142, 8144, 8145, 8146, 8147, 8148, 8150, 8153, 8154, 8155, 8157, 8158, 8159, 8161, 8163, 8164, 8165, 8166, 8167, 8168, 8170, 8171, 8172, 8173, 8177, 8178, 8179, 8180, 8181, 8183, 8188, 8190, 8192, 8193, 8194, 8197, 8198, 8199, 8201, 8202, 8203, 8204, 8208, 8219, 8228, 8229, 8230, 8231, 8232, 8233, 8234, 8235, 8237, 8244, 8248, 8250, 8254, 8255, 8257, 8258, 8259, 8261, 8264, 8265, 8268, 8271, 8274, 8275, 8276, 8277, 8279, 8284, 8285, 8286, 8288, 8289, 8290, 8291, 8292, 8293, 8294, 8295, 8296, 8297, 8298, 8299, 8303, 8307, 8309, 8310, 8311, 8314, 8315, 8316, 8321, 8322, 8337, 8345, 8346, 8347, 8348, 8350, 8351, 8353, 8355, 8356, 8361, 8362, 8363, 8365, 8369, 8377, 8381, 8382, 8384, 8385, 8386, 8388, 8389, 8390, 8391, 8393, 8394, 8395, 8400, 8401, 8402, 8407, 8409, 8411, 8413, 8414, 8415, 8416, 8417, 8418, 8420, 8421, 8422, 8425, 8426, 8435, 8436, 8440, 8445, 8446, 8447, 8448, 8449, 8450, 8451, 8452, 8453, 8454, 8456, 8457, 8458, 8460, 8461, 8475, 8480, 8485, 8487, 8488, 8489, 8491, 8492, 8493, 8498, 8499, 8500, 8505, 8507, 8508, 8509, 8513, 8515, 8516, 8518, 8519, 8520, 8524, 8525, 8527, 8531, 8533, 8534, 8537, 8538, 8540, 8543, 8544, 8545, 8546, 8547, 8548, 8549, 8550, 8551, 8553, 8554, 8555, 8556, 8559, 8560, 8561, 8562, 8563, 8568, 8569, 8570, 8571, 8576, 8577, 8582, 8583, 8588, 8589, 8594, 8595, 8603, 8604, 8607, 8608, 8615, 8632, 8633, 8634, 8635, 8637, 8638, 8639, 8640, 8641, 8644, 8645, 8646, 8647, 8658, 8659, 8660, 8661, 8663, 8664, 8666, 8667, 8668, 8669, 8670, 8681, 8699, 8700, 8701, 8703, 8704, 8705, 8706, 8708, 8709, 8711, 8712, 8714, 8715, 8717, 8718, 8722, 8723, 8724, 8725, 8731, 8732, 8733, 8734, 8735, 8736, 8741, 8745, 8748, 8749, 8750, 8751, 8752, 8754, 8755, 8756, 8757, 8758, 8759, 8760, 8761, 8762, 8763, 8764, 8765, 8766, 8767, 8768, 8769, 8773, 8775, 8776, 8777, 8779, 8780, 8781, 8786, 8787, 8788, 8793, 8795, 8807, 8808, 8811, 8812, 8813, 8816, 8844, 8848, 8853, 8854, 8857, 8863, 8864, 8867, 8868, 8869, 8871, 8872, 8873, 8876, 8880, 8893, 8895, 8896, 8897, 8901, 8902, 8906, 8907, 8943, 8948, 8949, 8950, 8952, 8953, 8954, 8955, 8957, 8958, 8959, 8961, 8962, 8963, 8965, 8966, 8968, 8970, 8971, 8972, 8973, 8974, 8975, 8977, 8979, 8980, 8981, 8982, 8983, 8984, 8985, 8986, 8987, 8990, 8991, 8992, 8995, 8996, 8997, 8998, 8999, 9000, 9001, 9002, 9004, 9005, 9006, 9008, 9009, 9010, 9011, 9012, 9013, 9014, 9015, 9016, 9021, 9022, 9023, 9024, 9028, 9029, 9030, 9032, 9033, 9034, 9035, 9038, 9039, 9040, 9041, 9042, 9043, 9044, 9047, 9048, 9049, 9050, 9051, 9052, 9053, 9054, 9057, 9064, 9065, 9066, 9067, 9069, 9070, 9073, 9078, 9082, 9083, 9084, 9088, 9089, 9092, 9096, 9097, 9098, 9100, 9102, 9110, 9111, 9117, 9118, 9119, 9120, 9121, 9122, 9123, 9124, 9125, 9126, 9127, 9128, 9129, 9130, 9131, 9137, 9140, 9141, 9142, 9143, 9144, 9145, 9148, 9149, 9150, 9151, 9152, 9155, 9156, 9157, 9158, 9159, 9161, 9166, 9167, 9168, 9169, 9170, 9171, 9172, 9173, 9176, 9177, 9178, 9179, 9180, 9181, 9182, 9184, 9191, 9192, 9193, 9198, 9199, 9202, 9203, 9205, 9207, 9208, 9209, 9210, 9211, 9213, 9214, 9215, 9217, 9218, 9219, 9221, 9222, 9224, 9225, 9226, 9227, 9228, 9229, 9248, 9249, 9252, 9253, 9254, 9255, 9256, 9257, 9263, 9264, 9266, 9268, 9269, 9270, 9271, 9272, 9273, 9275, 9276, 9277, 9278, 9279, 9281, 9282, 9283, 9284, 9295, 9308, 9309, 9314, 9315, 9317, 9323, 9327, 9329, 9330, 9331, 9332, 9335, 9336, 9339, 9343, 9345, 9346, 9347, 9348, 9349, 9350, 9351, 9356, 9357, 9358, 9359, 9360, 9361, 9366, 9367, 9368, 9369, 9370, 9371, 9372, 9373, 9375, 9376, 9377, 9378, 9382, 9383, 9384, 9385, 9387, 9388, 9389, 9394, 9398, 9401, 9402, 9406, 9408, 9409, 9411, 9414, 9415, 9416, 9419, 9423, 9426, 9427, 9428, 9429, 9430, 9432, 9437, 9441, 9442, 9444, 9446, 9448, 9449, 9450, 9452, 9457, 9458, 9459, 9460, 9465, 9468, 9472, 9473, 9475, 9476, 9478, 9479, 9480, 9481, 9482, 9483, 9484, 9485, 9486, 9490, 9494, 9498, 9499, 9500, 9501, 9502, 9503, 9504, 9505, 9507, 9508, 9509, 9512, 9513, 9515, 9516, 9518, 9519, 9520, 9521, 9522, 9523, 9524, 9525, 9526, 9527, 9528, 9529, 9530, 9531, 9532, 9533, 9534, 9535, 9536, 9537, 9538, 9539, 9541, 9547, 9553, 9554, 9555, 9556, 9557, 9560, 9563, 9564, 9567, 9568, 9569, 9570, 9571, 9572, 9575, 9578, 9582, 9583, 9584, 9596, 9599, 9600, 9607, 9608, 9609, 9611, 9613, 9614, 9615, 9620, 9621, 9622, 9623, 9645, 9646, 9649, 9650, 9653, 9655, 9658, 9665, 9666, 9669, 9670, 9677, 9681, 9682, 9683, 9684, 9686, 9688, 9691, 9699, 9700, 9702, 9703, 9704, 9706, 9707, 9708, 9709, 9714, 9727, 9730, 9731, 9733, 9734, 9737, 9740, 9741, 9742, 9743, 9744, 9749, 9750, 9753, 9754, 9755, 9760, 9761, 9764, 9765, 9766, 9823, 9827, 9829, 9837, 9842, 9848, 9850, 9852, 9853, 9856, 9875, 9876, 9878, 9879, 9884, 9885, 9888, 9889, 9890, 9894, 9898, 9899, 9900, 9902, 9907, 9910, 9918, 9922, 9928, 9929, 9930, 9936, 9944, 9945, 9946, 9947, 9948, 9949, 9951, 9952, 9957, 9961, 9962, 9965, 9966, 9972, 9977, 9978, 9982, 9984, 9990, 9993, 9996, 9999, 10003, 10009, 10010, 10011, 10012, 10013, 10020, 10021, 10027, 10028, 10035, 10036, 10038, 10039, 10041, 10042, 10043, 10045, 10046, 10047, 10048, 10049, 10050, 10051, 10052, 10053, 10054, 10055, 10056, 10057, 10058, 10059, 10060, 10061, 10062, 10063, 10064, 10065, 10070, 10071, 10072, 10073, 10074, 10076, 10077, 10078, 10079, 10080, 10081, 10082, 10084, 10085, 10086, 10087, 10088, 10090, 10091, 10092, 10093, 10094, 10095, 10096, 10097, 10098, 10099, 10100, 10102, 10103, 10108, 10109, 10110, 10111, 10116, 10117, 10119, 10122, 10125, 10133, 10134, 10139, 10143, 10144, 10145, 10146, 10148, 10149, 10150, 10151, 10152, 10153, 10154, 10156, 10157, 10158, 10159, 10160, 10161, 10162, 10163, 10164, 10165, 10179, 10180, 10181, 10182, 10183, 10184, 10185, 10191, 10192, 10193, 10194, 10195, 10196, 10197, 10200, 10201, 10202, 10204, 10205, 10206, 10207, 10208, 10209, 10210, 10211, 10212, 10213, 10214, 10215, 10216, 10217, 10218, 10219, 10220, 10221, 10222, 10223, 10230, 10231, 10237, 10240, 10243, 10244, 10245, 10247, 10266, 10274, 10278, 10279, 10280, 10281, 10282, 10286, 10287, 10288, 10289, 10290, 10291, 10294, 10295, 10296, 10298, 10307, 10310, 10311, 10316, 10318, 10319, 10321, 10328, 10329, 10330, 10336, 10340, 10341, 10342, 10344, 10346, 10347, 10349, 10350, 10351, 10361, 10362, 10364, 10366, 10367, 10368, 10372, 10377, 10378, 10379, 10380, 10381, 10383, 10384, 10393, 10396, 10397, 10398, 10399, 10400, 10403, 10404, 10405, 10410, 10411, 10412, 10414, 10462, 10463, 10464, 10465, 10468, 10470, 10471, 10473, 10474, 10475, 10476, 10477, 10481, 10483, 10484, 10485, 10486, 10487, 10491, 10492, 10494, 10495, 10496, 10498, 10502, 10523, 10524, 10525, 10526, 10527, 10529, 10530, 10538, 10562, 10563, 10570, 10571, 10572, 10573, 10574, 10575, 10576, 10577, 10578, 10579, 10581, 10582, 10583, 10585, 10589, 10590, 10593, 10594, 10596, 10600, 10601, 10604, 10605, 10606, 10611, 10612, 10613, 10614, 10615, 10616, 10619, 10624, 10625, 10628, 10629, 10630, 10632, 10633, 10634, 10635, 10636, 10638, 10639, 10641, 10642, 10643, 10645, 10654, 10655, 10656, 10660, 10661, 10663, 10664, 10668, 10669, 10670, 10672, 10674, 10679, 10682, 10683, 10686, 10689, 10698, 10699, 10702, 10703, 10706, 10707, 10710, 10716, 10717, 10720, 10721, 10724, 10725, 10732, 10736, 10737, 10738, 10739, 10741, 10743, 10746, 10752, 10753, 10754, 10755, 10756, 10757, 10758, 10760, 10761, 10762, 10768, 10770, 10771, 10772, 10774, 10780, 10781, 10782, 10783, 10784, 10785, 10786, 10787, 10788, 10794, 10796, 10798, 10801, 10806, 10812, 10815, 10818, 10819, 10820, 10824, 10825, 10826, 10827, 10828, 10829, 10831, 10832, 10833, 10835, 10836, 10839, 10840, 10843, 10852, 10855, 10856, 10862, 10871, 10872, 10873, 10876, 10881, 10886, 10887, 10890, 10895, 10899, 10900, 10906, 10908, 10909, 10910, 10911, 10912, 10913, 10914, 10919, 10924, 10927, 10930, 10933, 10934, 10939, 10940, 10946, 10948, 10949, 10950, 10951, 10952, 10953, 10954, 10961, 10964, 10966, 10967, 10968, 10973, 10975, 10976, 10979, 10980, 10982, 10983, 10986, 10990, 10998, 10999, 11001, 11002, 11006, 11007, 11012, 11017, 11020, 11021, 11022, 11023, 11024, 11025, 11026, 11034, 11035, 11036, 11037, 11042, 11043, 11047, 11048, 11057, 11062, 11360, 11365, 11370, 11378, 11379, 11384, 11387, 11391, 11392, 11395, 11396, 11400, 11405, 11408, 11412, 11415, 11422, 11426, 11427, 11428, 11429, 11430, 11434, 11435, 11441, 11442, 11475, 11485, 11491, 11776, 11777, 11780, 11782, 11784, 11785, 11786, 11787, 11792, 11798, 11807, 11808, 11816, 11820, 11821, 11822, 11824, 11829, 11838, 11842, 11849, 11851, 11856, 11859, 11864, 11872, 11873, 11874, 11875, 11882, 11883, 11884, 11885, 11886, 11887, 11892, 11897, 11900, 11904, 11909, 11914, 11917, 11921, 11924, 11931, 11933, 11936, 11937, 11940, 11962, 11963, 11964, 11965, 11966, 11967, 11970, 11977, 11982, 11983, 11984, 11987, 11988, 11994, 11999, 12001, 12002, 12004, 12007, 12017, 12019, 12020, 12021, 12022, 12023, 12024, 12025, 12026, 12027, 12028, 12029, 12030, 12031, 12032, 12033, 12034, 12036, 12042, 12043, 12045, 12055, 12056, 12057, 12060, 12062, 12064, 12066, 12067, 12070, 12075, 12076, 12080, 12081, 12082, 12083, 12084, 12085, 12086, 12087, 12088, 12089, 12091, 12092, 12098, 12099, 12100, 12101, 12102, 12104, 12106, 12107, 12109, 12120, 12123, 12128, 12134, 12136, 12139, 12140, 12141, 12142, 12143, 12144, 12145, 12146, 12151, 12152, 12161, 12163, 12166, 12167, 12170, 12172, 12173, 12174, 12187, 12189, 12195, 12200, 12201, 12202, 12203, 12205, 12206, 12207, 12217, 12218, 12219, 12220, 12221, 12222, 12225, 12226, 12231, 12233, 12238, 12239, 12240, 12241, 12242, 12243, 12244, 12245, 12246, 12247, 12248, 12249, 12250, 12251, 12252, 12255, 12256, 12259, 12260, 12262, 12267, 12272, 12273, 12274, 12275, 12276, 12277, 12278, 12279, 12280, 12282, 12284, 12298, 12299, 12300, 12301, 12302, 12303, 12304, 12305, 12306, 12307, 12308, 12309, 12310, 12311, 12312, 12314, 12315, 12320, 12321, 12322, 12325, 12326, 12327, 12329, 12330, 12333, 12334, 12336, 12343, 12344, 12347, 12348, 12351, 12353, 12354, 12360, 12365, 12366, 12367, 12368, 12372, 12373, 12374, 12376, 12381, 12386, 12387, 12388, 12396, 12397, 12398, 12399, 12401, 12402, 12403, 12406, 12412, 12415, 12416, 12423, 12424, 12440, 12441, 12443, 12444, 12445, 12446, 12447, 12448, 12449, 12450, 12451, 12452, 12453, 12455, 12479, 12480, 12481, 12482, 12483, 12484, 12485, 12500, 12519, 12520, 12521, 12522, 12523, 12524, 12538, 12544, 12545, 12553, 12555, 12556, 12557, 12559, 12560, 12561, 12563, 12564, 12565, 12567, 12568, 12569, 12571, 12572, 12573, 12575, 12576, 12577, 12579, 12580, 12581, 12582, 12583, 12585, 12586, 12587, 12588, 12589, 12591, 12592, 12593, 12594, 12595, 12597, 12598, 12600, 12609, 12610, 12611, 12616, 12617, 12626, 12627, 12629, 12631, 12633, 12634, 12635, 12636, 12637, 12638, 12641, 12644, 12647, 12648, 12649, 12650, 12651, 12652, 12654, 12655, 12656, 12657, 12687, 12696, 12704, 12705, 12706, 12709, 12711, 12712, 12713, 12716, 12720, 12721, 12725, 12726, 12730, 12731, 12732, 12733, 12735, 12736, 12737, 12739, 12740, 12741, 12742, 12743, 12745, 12746, 12747, 12748, 12749, 12753, 12754, 12755, 12756, 12759, 12760, 12764, 12768, 12769, 12770, 12771, 12772, 12776, 12777, 12781, 12782, 12784, 12789, 12790, 12791, 12792, 12793, 12794, 12795, 12796, 12797, 12798, 12799, 12800, 12801, 12802, 12803, 12804, 12808, 12809, 12810, 12812, 12814, 12815, 12821, 12822, 12825, 12826, 12827, 12828, 12829, 12830, 12831, 12832, 12836, 12839, 12840, 12843, 12844, 12845, 12846, 12847, 12848, 12854, 12855, 12856, 12857, 12858, 12861, 12863, 12864, 12865, 12871, 12872, 12873, 12877, 12878, 12879, 12880, 12884, 12885, 12886, 12887, 12888, 12892, 12893, 12894, 12895, 12896, 12897, 12898, 12899, 12900, 12904, 12905, 12906, 12907, 12908, 12909, 12910, 12911, 12912, 12913, 12914, 12920, 12926, 12927, 12928, 12929, 12930, 12931, 12932, 12933, 12934, 12938, 12945, 12947, 12948, 12949, 12950, 12951, 12952, 12961, 12963, 12964, 12974, 12975, 12978, 12979, 12980, 12981, 12984, 12986, 12988, 12989, 12990, 12991, 12992, 12993, 12994, 12995, 12996, 12998, 12999, 13001, 13011, 13014, 13015, 13021, 13032, 13034, 13035, 13036, 13038, 13039, 13040, 13042, 13043, 13044, 13048, 13055, 13057, 13058, 13064, 13071, 13073, 13077, 13079, 13082, 13083, 13086, 13087, 13088, 13092, 13120, 13121, 13122, 13124, 13125, 13127, 13129, 13164, 13165, 13174, 13175, 13176, 13178, 13179, 13180, 13181, 13183, 13195, 13197, 13198, 13199, 13204, 13218, 13219, 13220, 13221, 13225, 13234, 13235, 13245, 13254, 13259, 13262, 13263, 13265, 13268, 13269], "summary": {"covered_lines": 5713, "num_statements": 6872, "percent_covered": 83.13445867287544, "percent_covered_display": "83", "missing_lines": 1159, "excluded_lines": 34, "percent_statements_covered": 83.13445867287544, "percent_statements_covered_display": "83"}, "missing_lines": [103, 127, 128, 133, 134, 135, 136, 137, 138, 153, 154, 242, 243, 285, 298, 434, 441, 458, 461, 464, 470, 485, 491, 514, 529, 533, 555, 640, 641, 646, 647, 654, 655, 787, 1064, 1113, 1125, 1176, 1184, 1188, 1227, 1311, 1312, 1317, 1345, 1426, 1439, 1440, 1441, 1442, 1450, 1451, 1452, 1453, 1463, 1464, 1465, 1466, 1486, 1559, 1586, 1587, 1589, 1593, 1616, 1617, 1618, 1622, 1625, 1626, 1627, 1631, 1661, 1668, 1670, 1677, 1734, 1759, 1785, 1786, 1801, 1802, 1806, 1807, 1951, 1955, 1956, 1957, 1962, 1963, 1964, 1970, 1971, 1980, 2021, 2025, 2029, 2032, 2069, 2074, 2079, 2080, 2089, 2090, 2103, 2156, 2160, 2162, 2182, 2186, 2209, 2210, 2263, 2391, 2395, 2417, 2418, 2420, 2421, 2434, 2461, 2463, 2465, 2466, 2467, 2470, 2471, 2472, 2473, 2479, 2482, 2486, 2539, 2555, 2597, 2610, 2625, 2638, 2643, 2668, 2693, 2694, 2698, 2699, 2724, 2725, 2726, 2727, 2737, 2829, 2830, 2850, 2861, 2866, 2873, 2962, 2964, 3004, 3008, 3011, 3019, 3020, 3021, 3022, 3023, 3024, 3026, 3027, 3055, 3073, 3113, 3114, 3115, 3116, 3239, 3333, 3345, 3346, 3351, 3394, 3395, 3396, 3397, 3400, 3405, 3412, 3413, 3414, 3415, 3538, 3540, 3557, 3601, 3602, 3606, 3640, 3641, 3643, 3644, 3645, 3646, 3655, 3790, 3795, 3896, 3899, 3965, 3973, 3974, 3975, 3976, 3977, 3978, 3979, 3980, 3981, 3982, 3994, 3997, 3998, 4092, 4238, 4239, 4265, 4266, 4267, 4268, 4270, 4274, 4289, 4301, 4302, 4310, 4328, 4329, 4330, 4335, 4336, 4337, 4364, 4366, 4367, 4368, 4369, 4370, 4371, 4372, 4373, 4374, 4375, 4376, 4389, 4393, 4398, 4402, 4406, 4449, 4450, 4452, 4453, 4454, 4456, 4466, 4467, 4468, 4469, 4470, 4471, 4472, 4473, 4605, 4635, 4640, 4646, 4648, 4663, 4686, 4687, 4711, 4752, 4753, 4850, 5094, 5107, 5121, 5125, 5129, 5139, 5140, 5141, 5143, 5144, 5145, 5146, 5147, 5148, 5149, 5162, 5170, 5171, 5172, 5173, 5177, 5184, 5185, 5186, 5187, 5201, 5215, 5216, 5217, 5218, 5241, 5242, 5243, 5244, 5247, 5248, 5249, 5250, 5276, 5278, 5287, 5291, 5295, 5305, 5343, 5460, 5477, 5478, 5479, 5489, 5500, 5501, 5506, 5507, 5508, 5515, 5582, 5586, 5587, 5589, 5590, 5591, 5612, 5613, 5620, 5637, 5638, 5645, 5646, 5660, 5661, 5669, 5682, 5686, 5687, 5733, 5768, 5789, 5799, 5803, 5840, 5841, 5842, 5861, 5862, 5863, 5864, 5886, 5887, 5913, 5963, 6074, 6076, 6086, 6140, 6145, 6320, 6459, 6501, 6504, 6509, 6529, 6555, 6564, 6575, 6580, 6593, 6599, 6615, 6621, 6624, 6633, 6644, 6650, 6668, 6713, 6714, 6715, 6716, 6720, 6847, 6883, 6987, 7007, 7008, 7192, 7204, 7205, 7220, 7241, 7264, 7265, 7270, 7293, 7294, 7295, 7296, 7310, 7318, 7322, 7325, 7328, 7393, 7394, 7398, 7415, 7416, 7417, 7425, 7436, 7447, 7457, 7526, 7527, 7530, 7554, 7555, 7556, 7557, 7558, 7559, 7560, 7576, 7599, 7600, 7629, 7631, 7632, 7633, 7634, 7650, 7663, 7664, 7666, 7667, 7668, 7689, 7696, 7764, 7765, 7766, 7767, 7769, 7770, 7771, 7773, 7774, 7775, 7776, 7777, 7794, 7796, 7807, 7811, 7812, 7839, 7840, 7843, 7844, 7845, 7846, 7863, 7876, 7879, 7880, 7881, 7883, 7884, 7900, 7923, 7930, 7931, 7932, 7933, 7934, 7941, 7944, 7948, 7955, 7959, 7970, 8004, 8011, 8012, 8013, 8014, 8016, 8017, 8020, 8045, 8059, 8071, 8079, 8084, 8088, 8090, 8091, 8092, 8096, 8098, 8099, 8106, 8109, 8117, 8121, 8130, 8175, 8182, 8184, 8186, 8187, 8213, 8214, 8215, 8216, 8217, 8245, 8251, 8252, 8260, 8262, 8266, 8267, 8269, 8272, 8312, 8317, 8318, 8319, 8324, 8327, 8328, 8330, 8331, 8335, 8438, 8459, 8465, 8466, 8467, 8470, 8481, 8482, 8483, 8511, 8517, 8535, 8541, 8552, 8558, 8572, 8573, 8574, 8575, 8578, 8579, 8580, 8581, 8584, 8585, 8586, 8587, 8590, 8591, 8592, 8593, 8596, 8597, 8598, 8599, 8600, 8601, 8602, 8605, 8609, 8610, 8611, 8612, 8613, 8614, 8623, 8630, 8631, 8649, 8673, 8674, 8675, 8676, 8677, 8678, 8679, 8702, 8707, 8710, 8746, 8770, 8771, 8817, 8858, 8859, 8860, 8877, 8881, 8884, 8886, 8887, 8888, 8891, 8899, 8904, 8908, 8909, 8910, 8913, 8916, 8919, 8922, 8925, 8928, 8931, 8934, 8937, 9115, 9230, 9235, 9236, 9237, 9240, 9241, 9242, 9250, 9333, 9395, 9396, 9399, 9400, 9412, 9417, 9420, 9421, 9433, 9438, 9439, 9453, 9510, 9552, 9580, 9585, 9586, 9601, 9624, 9705, 9728, 9738, 9770, 9771, 9772, 9774, 9775, 9776, 9777, 9778, 9783, 9787, 9788, 9789, 9796, 9800, 9801, 9806, 9807, 9808, 9809, 9810, 9815, 9818, 9855, 9861, 9862, 9866, 9867, 9870, 9871, 9872, 9873, 9877, 9895, 9896, 9901, 9911, 9923, 9988, 10004, 10005, 10006, 10007, 10008, 10019, 10040, 10104, 10105, 10106, 10118, 10126, 10140, 10141, 10166, 10167, 10168, 10169, 10172, 10173, 10175, 10176, 10177, 10187, 10188, 10189, 10198, 10199, 10249, 10250, 10253, 10260, 10263, 10264, 10283, 10284, 10292, 10293, 10308, 10309, 10324, 10325, 10326, 10369, 10370, 10373, 10433, 10436, 10437, 10438, 10440, 10441, 10442, 10443, 10449, 10450, 10452, 10457, 10458, 10479, 10480, 10490, 10499, 10500, 10531, 10532, 10533, 10534, 10535, 10540, 10541, 10543, 10544, 10545, 10548, 10549, 10555, 10556, 10559, 10560, 10564, 10565, 10566, 10568, 10595, 10597, 10598, 10599, 10602, 10603, 10627, 10657, 10665, 10789, 10790, 10799, 10808, 10845, 10846, 10847, 10849, 10850, 10869, 10870, 10901, 10902, 10903, 10904, 10905, 10956, 10957, 10958, 10959, 10978, 10985, 11003, 11009, 11029, 11063, 11064, 11072, 11073, 11074, 11076, 11083, 11090, 11094, 11098, 11104, 11127, 11128, 11129, 11132, 11133, 11134, 11135, 11136, 11141, 11142, 11143, 11144, 11148, 11151, 11152, 11153, 11158, 11159, 11160, 11165, 11166, 11176, 11179, 11180, 11181, 11182, 11187, 11191, 11192, 11199, 11203, 11204, 11209, 11212, 11213, 11215, 11216, 11217, 11225, 11226, 11230, 11231, 11234, 11236, 11241, 11245, 11246, 11249, 11250, 11255, 11256, 11257, 11262, 11265, 11266, 11275, 11276, 11282, 11285, 11289, 11292, 11299, 11300, 11304, 11308, 11309, 11316, 11317, 11319, 11323, 11328, 11331, 11335, 11336, 11338, 11342, 11347, 11353, 11431, 11432, 11444, 11445, 11446, 11449, 11450, 11452, 11455, 11463, 11466, 11467, 11468, 11469, 11470, 11471, 11472, 11492, 11493, 11501, 11502, 11503, 11505, 11511, 11517, 11521, 11525, 11536, 11559, 11560, 11561, 11564, 11565, 11566, 11567, 11568, 11573, 11574, 11575, 11580, 11581, 11589, 11593, 11596, 11599, 11600, 11601, 11603, 11610, 11611, 11615, 11619, 11620, 11627, 11630, 11633, 11634, 11636, 11637, 11640, 11641, 11642, 11645, 11647, 11652, 11656, 11658, 11661, 11662, 11664, 11668, 11669, 11670, 11675, 11678, 11679, 11680, 11681, 11688, 11696, 11697, 11700, 11707, 11708, 11712, 11716, 11717, 11728, 11730, 11738, 11745, 11746, 11751, 11754, 11755, 11759, 11764, 11769, 11773, 11801, 11809, 11817, 11818, 11823, 11830, 11843, 11876, 11877, 11880, 11901, 11905, 11934, 11968, 11995, 12008, 12009, 12010, 12011, 12012, 12015, 12046, 12061, 12110, 12111, 12112, 12113, 12114, 12115, 12116, 12117, 12118, 12121, 12122, 12124, 12125, 12129, 12130, 12131, 12132, 12133, 12135, 12137, 12153, 12154, 12155, 12156, 12157, 12158, 12175, 12176, 12177, 12178, 12179, 12180, 12181, 12182, 12183, 12185, 12208, 12209, 12211, 12215, 12223, 12224, 12228, 12229, 12253, 12254, 12257, 12258, 12290, 12291, 12292, 12293, 12294, 12295, 12296, 12324, 12332, 12349, 12350, 12400, 12404, 12407, 12408, 12409, 12410, 12411, 12413, 12605, 12606, 12607, 12623, 12624, 12688, 12691, 12692, 12700, 12734, 12778, 12811, 12813, 12824, 12842, 12860, 12874, 12915, 12959, 12960, 12976, 12982, 12983, 12985, 13012, 13016, 13017, 13018, 13019, 13045, 13046, 13056, 13059, 13060, 13061, 13062, 13074, 13075, 13089, 13090, 13167, 13172, 13201, 13205, 13211, 13212, 13223, 13266, 13267], "excluded_lines": [139, 140, 167, 168, 173, 178, 179, 180, 185, 190, 273, 274, 289, 290, 1912, 1913, 1918, 1919, 1932, 1933, 1935, 2942, 2943, 3081, 3082, 4712, 4713, 9590, 9591, 9592, 9593, 9594, 9620, 9621], "functions": {"_patch_rand_for_tests": {"executed_lines": [102, 104, 105, 107, 109, 113, 114], "summary": {"covered_lines": 7, "num_statements": 8, "percent_covered": 87.5, "percent_covered_display": "88", "missing_lines": 1, "excluded_lines": 0, "percent_statements_covered": 87.5, "percent_statements_covered_display": "88"}, "missing_lines": [103], "excluded_lines": []}, "_patch_rand_for_tests._patched_rand": {"executed_lines": [110, 111], "summary": {"covered_lines": 2, "num_statements": 2, "percent_covered": 100.0, "percent_covered_display": "100", "missing_lines": 0, "excluded_lines": 0, "percent_statements_covered": 100.0, "percent_statements_covered_display": "100"}, "missing_lines": [], "excluded_lines": []}, "_make_clip_range_callable": {"executed_lines": [208, 211], "summary": {"covered_lines": 2, "num_statements": 2, "percent_covered": 100.0, "percent_covered_display": "100", "missing_lines": 0, "excluded_lines": 0, "percent_statements_covered": 100.0, "percent_statements_covered_display": "100"}, "missing_lines": [], "excluded_lines": []}, "_make_clip_range_callable.clip_range_fn": {"executed_lines": [209], "summary": {"covered_lines": 1, "num_statements": 1, "percent_covered": 100.0, "percent_covered_display": "100", "missing_lines": 0, "excluded_lines": 0, "percent_statements_covered": 100.0, "percent_statements_covered_display": "100"}, "missing_lines": [], "excluded_lines": []}, "_cfg_get": {"executed_lines": [217, 218, 219, 220, 221, 222, 223, 224, 225, 226, 227, 228, 229, 230, 231, 232, 233, 234, 235, 236, 237, 238, 239, 240, 241, 244], "summary": {"covered_lines": 26, "num_statements": 28, "percent_covered": 92.85714285714286, "percent_covered_display": "93", "missing_lines": 2, "excluded_lines": 0, "percent_statements_covered": 92.85714285714286, "percent_statements_covered_display": "93"}, "missing_lines": [242, 243], "excluded_lines": []}, "_popart_value_to_serializable": {"executed_lines": [248, 249, 250, 251, 252, 253, 254, 255, 256, 257, 260, 261, 262], "summary": {"covered_lines": 13, "num_statements": 13, "percent_covered": 100.0, "percent_covered_display": "100", "missing_lines": 0, "excluded_lines": 0, "percent_statements_covered": 100.0, "percent_statements_covered_display": "100"}, "missing_lines": [], "excluded_lines": []}, "_serialize_popart_config": {"executed_lines": [266], "summary": {"covered_lines": 1, "num_statements": 1, "percent_covered": 100.0, "percent_covered_display": "100", "missing_lines": 0, "excluded_lines": 0, "percent_statements_covered": 100.0, "percent_statements_covered_display": "100"}, "missing_lines": [], "excluded_lines": []}, "unwrap_vec_normalize": {"executed_lines": [284, 287, 288, 292, 293, 294, 295, 296, 297, 299], "summary": {"covered_lines": 10, "num_statements": 12, "percent_covered": 83.33333333333333, "percent_covered_display": "83", "missing_lines": 2, "excluded_lines": 2, "percent_statements_covered": 83.33333333333333, "percent_statements_covered_display": "83"}, "missing_lines": [285, 298], "excluded_lines": [289, 290]}, "_compute_returns_with_time_limits": {"executed_lines": [313, 314, 315, 317, 318, 323, 324, 328, 329, 334, 335, 337, 338, 339, 342, 343, 348, 349, 350, 351, 354, 355, 360, 370, 372, 373, 374, 375, 377, 378, 380, 381, 382, 383, 385, 387, 389, 391, 393, 395, 396], "summary": {"covered_lines": 41, "num_statements": 41, "percent_covered": 100.0, "percent_covered_display": "100", "missing_lines": 0, "excluded_lines": 0, "percent_statements_covered": 100.0, "percent_statements_covered_display": "100"}, "missing_lines": [], "excluded_lines": []}, "safe_explained_variance": {"executed_lines": [404, 405, 407, 408, 409, 411, 412, 413, 414, 416, 417, 419, 420, 421, 427, 428, 429, 430, 431, 432, 433, 436, 437, 438, 439, 440, 444, 445, 446, 447, 448, 449, 450, 451, 452, 453, 454, 455, 456, 457, 459, 460, 462, 463, 467, 468, 469, 471, 473, 474, 475, 476, 477, 478, 479, 480, 481, 482, 483, 484, 488, 489, 490, 492], "summary": {"covered_lines": 64, "num_statements": 72, "percent_covered": 88.88888888888889, "percent_covered_display": "89", "missing_lines": 8, "excluded_lines": 0, "percent_statements_covered": 88.88888888888889, "percent_statements_covered_display": "89"}, "missing_lines": [434, 441, 458, 461, 464, 470, 485, 491], "excluded_lines": []}, "_weighted_variance_np": {"executed_lines": [498, 499, 500, 502, 503, 504, 505, 506, 507, 508, 509, 511, 512, 513, 515, 516, 518, 523, 524, 525, 526, 528, 531, 532, 537, 538, 540, 541, 542, 544, 547, 548, 549, 550, 552, 553, 554, 557], "summary": {"covered_lines": 38, "num_statements": 42, "percent_covered": 90.47619047619048, "percent_covered_display": "90", "missing_lines": 4, "excluded_lines": 0, "percent_statements_covered": 90.47619047619048, "percent_statements_covered_display": "90"}, "missing_lines": [514, 529, 533, 555], "excluded_lines": []}, "compute_grouped_explained_variance": {"executed_lines": [570, 571, 572, 573, 574, 575, 577, 578, 580, 586, 587, 589, 590, 591, 592, 593, 595, 596, 597, 598, 599, 601, 602, 603, 604, 605, 606, 607, 608, 609, 611, 612, 619, 620, 621, 623, 624, 625, 626, 628, 629, 630, 631, 633, 634, 635, 636, 637, 638, 639, 643, 644, 645, 648, 649, 650, 652, 653, 656, 657, 659, 664, 665, 666, 668, 669, 671, 672, 673, 675, 676, 677, 679], "summary": {"covered_lines": 73, "num_statements": 79, "percent_covered": 92.40506329113924, "percent_covered_display": "92", "missing_lines": 6, "excluded_lines": 0, "percent_statements_covered": 92.40506329113924, "percent_statements_covered_display": "92"}, "missing_lines": [640, 641, 646, 647, 654, 655], "excluded_lines": []}, "calculate_cvar": {"executed_lines": [685, 686, 687, 689, 690, 692, 693, 694, 696, 697, 700, 701, 702, 703, 704, 706, 707, 709, 710, 711, 712, 714, 715, 721, 722, 724, 725], "summary": {"covered_lines": 27, "num_statements": 27, "percent_covered": 100.0, "percent_covered_display": "100", "missing_lines": 0, "excluded_lines": 0, "percent_statements_covered": 100.0, "percent_statements_covered_display": "100"}, "missing_lines": [], "excluded_lines": []}, "create_sequencers": {"executed_lines": [758, 760, 761, 763, 764, 766, 767, 769, 770, 772, 773, 774, 776, 777, 780, 781, 782, 784, 798, 802], "summary": {"covered_lines": 20, "num_statements": 20, "percent_covered": 100.0, "percent_covered_display": "100", "missing_lines": 0, "excluded_lines": 0, "percent_statements_covered": 100.0, "percent_statements_covered_display": "100"}, "missing_lines": [], "excluded_lines": []}, "create_sequencers.pad": {"executed_lines": [785, 786, 789, 790, 791, 793, 794, 796], "summary": {"covered_lines": 8, "num_statements": 9, "percent_covered": 88.88888888888889, "percent_covered_display": "89", "missing_lines": 1, "excluded_lines": 0, "percent_statements_covered": 88.88888888888889, "percent_statements_covered_display": "89"}, "missing_lines": [787], "excluded_lines": []}, "create_sequencers.pad_and_flatten": {"executed_lines": [799, 800], "summary": {"covered_lines": 2, "num_statements": 2, "percent_covered": 100.0, "percent_covered_display": "100", "missing_lines": 0, "excluded_lines": 0, "percent_statements_covered": 100.0, "percent_statements_covered_display": "100"}, "missing_lines": [], "excluded_lines": []}, "PopArtController.__init__": {"executed_lines": [927, 928, 929, 930, 931, 932, 933, 935, 936, 937, 938, 939, 940, 941, 942, 943, 945, 946, 947, 948, 950, 951, 952, 954, 955, 956, 957, 958, 960, 962, 963], "summary": {"covered_lines": 31, "num_statements": 31, "percent_covered": 100.0, "percent_covered_display": "100", "missing_lines": 0, "excluded_lines": 0, "percent_statements_covered": 100.0, "percent_statements_covered_display": "100"}, "missing_lines": [], "excluded_lines": []}, "PopArtController.set_logger": {"executed_lines": [971], "summary": {"covered_lines": 1, "num_statements": 1, "percent_covered": 100.0, "percent_covered_display": "100", "missing_lines": 0, "excluded_lines": 0, "percent_statements_covered": 100.0, "percent_statements_covered_display": "100"}, "missing_lines": [], "excluded_lines": []}, "PopArtController._log": {"executed_lines": [974, 975, 976, 977, 978, 979, 980, 981, 982, 983, 985, 986, 987], "summary": {"covered_lines": 13, "num_statements": 13, "percent_covered": 100.0, "percent_covered_display": "100", "missing_lines": 0, "excluded_lines": 0, "percent_statements_covered": 100.0, "percent_statements_covered_display": "100"}, "missing_lines": [], "excluded_lines": []}, "PopArtController._weighted_mean_std": {"executed_lines": [993, 994, 995, 997, 998, 999, 1000, 1001, 1002, 1003, 1004, 1006, 1007, 1008, 1009, 1010, 1011, 1012, 1017, 1018, 1019, 1020, 1021, 1022, 1023, 1024, 1025, 1026, 1027, 1028], "summary": {"covered_lines": 30, "num_statements": 30, "percent_covered": 100.0, "percent_covered_display": "100", "missing_lines": 0, "excluded_lines": 0, "percent_statements_covered": 100.0, "percent_statements_covered_display": "100"}, "missing_lines": [], "excluded_lines": []}, "PopArtController._within_tolerance": {"executed_lines": [1038, 1039, 1040, 1041], "summary": {"covered_lines": 4, "num_statements": 4, "percent_covered": 100.0, "percent_covered_display": "100", "missing_lines": 0, "excluded_lines": 0, "percent_statements_covered": 100.0, "percent_statements_covered_display": "100"}, "missing_lines": [], "excluded_lines": []}, "PopArtController._load_holdout": {"executed_lines": [1044, 1045, 1046, 1047, 1048, 1049, 1050, 1051, 1052], "summary": {"covered_lines": 9, "num_statements": 9, "percent_covered": 100.0, "percent_covered_display": "100", "missing_lines": 0, "excluded_lines": 0, "percent_statements_covered": 100.0, "percent_statements_covered_display": "100"}, "missing_lines": [], "excluded_lines": []}, "PopArtController._safe_numpy": {"executed_lines": [1056], "summary": {"covered_lines": 1, "num_statements": 1, "percent_covered": 100.0, "percent_covered_display": "100", "missing_lines": 0, "excluded_lines": 0, "percent_statements_covered": 100.0, "percent_statements_covered_display": "100"}, "missing_lines": [], "excluded_lines": []}, "PopArtController._clip_fraction": {"executed_lines": [1060, 1061, 1062, 1063, 1065, 1066], "summary": {"covered_lines": 6, "num_statements": 7, "percent_covered": 85.71428571428571, "percent_covered_display": "86", "missing_lines": 1, "excluded_lines": 0, "percent_statements_covered": 85.71428571428571, "percent_statements_covered_display": "86"}, "missing_lines": [1064], "excluded_lines": []}, "PopArtController.evaluate_shadow": {"executed_lines": [1092, 1093, 1097, 1105, 1106, 1108, 1110, 1111, 1112, 1114, 1115, 1116, 1117, 1118, 1120, 1121, 1122, 1123, 1124, 1127, 1128, 1129, 1130, 1132, 1133, 1136, 1137, 1138, 1139, 1140, 1142, 1143, 1144, 1145, 1146, 1147, 1148, 1149, 1150, 1152, 1153, 1154, 1155, 1156, 1158, 1166, 1167, 1168, 1169, 1170, 1172, 1173, 1174, 1175, 1177, 1180, 1181, 1182, 1185, 1186, 1190, 1191, 1192, 1193, 1194, 1195, 1196, 1199, 1200, 1201, 1204, 1205, 1206, 1211, 1212, 1213, 1219, 1220, 1222, 1223, 1224, 1225, 1229, 1231, 1244, 1246, 1247, 1248, 1249, 1250, 1251, 1252, 1253, 1254, 1255, 1256, 1257, 1259, 1266, 1267, 1268, 1269, 1270, 1271, 1272, 1273, 1274, 1275, 1276, 1277, 1278, 1279, 1280, 1281, 1282, 1284], "summary": {"covered_lines": 116, "num_statements": 122, "percent_covered": 95.08196721311475, "percent_covered_display": "95", "missing_lines": 6, "excluded_lines": 0, "percent_statements_covered": 95.08196721311475, "percent_statements_covered_display": "95"}, "missing_lines": [1113, 1125, 1176, 1184, 1188, 1227], "excluded_lines": []}, "PopArtController._evaluate_holdout": {"executed_lines": [1299, 1300, 1301, 1302, 1303, 1304, 1305, 1306, 1307, 1308, 1309, 1310, 1319, 1321, 1324, 1325, 1326, 1327, 1328, 1330, 1331, 1332, 1333, 1334, 1335, 1336, 1339, 1343, 1344, 1346, 1347, 1348, 1349, 1350, 1351, 1352, 1353, 1355, 1356, 1358, 1359, 1360, 1361, 1362, 1363, 1364, 1365, 1366, 1367, 1369, 1370, 1372, 1373, 1374, 1375, 1377, 1378, 1379, 1382, 1386], "summary": {"covered_lines": 60, "num_statements": 64, "percent_covered": 93.75, "percent_covered_display": "94", "missing_lines": 4, "excluded_lines": 0, "percent_statements_covered": 93.75, "percent_statements_covered_display": "94"}, "missing_lines": [1311, 1312, 1317, 1345], "excluded_lines": []}, "PopArtController.apply_live_update": {"executed_lines": [1409, 1410, 1412, 1413, 1414, 1416, 1417, 1418, 1434, 1435, 1437, 1438], "summary": {"covered_lines": 12, "num_statements": 25, "percent_covered": 48.0, "percent_covered_display": "48", "missing_lines": 13, "excluded_lines": 0, "percent_statements_covered": 48.0, "percent_statements_covered_display": "48"}, "missing_lines": [1426, 1439, 1440, 1441, 1442, 1450, 1451, 1452, 1453, 1463, 1464, 1465, 1466], "excluded_lines": []}, "PopArtController._apply_quantile_transform": {"executed_lines": [1481, 1482, 1483, 1484, 1485, 1487, 1488, 1489, 1490, 1491], "summary": {"covered_lines": 10, "num_statements": 11, "percent_covered": 90.9090909090909, "percent_covered_display": "91", "missing_lines": 1, "excluded_lines": 0, "percent_statements_covered": 90.9090909090909, "percent_statements_covered_display": "91"}, "missing_lines": [1486], "excluded_lines": []}, "PopArtController._apply_categorical_transform": {"executed_lines": [1502, 1503, 1504, 1505, 1506, 1507, 1508, 1509, 1510, 1511, 1512, 1513, 1515, 1516, 1517, 1518, 1519, 1520, 1521], "summary": {"covered_lines": 19, "num_statements": 19, "percent_covered": 100.0, "percent_covered_display": "100", "missing_lines": 0, "excluded_lines": 0, "percent_statements_covered": 100.0, "percent_statements_covered_display": "100"}, "missing_lines": [], "excluded_lines": []}, "RawRecurrentRolloutBuffer.reset": {"executed_lines": [1525, 1526, 1527, 1528, 1530, 1531, 1533, 1534, 1535, 1536], "summary": {"covered_lines": 10, "num_statements": 10, "percent_covered": 100.0, "percent_covered_display": "100", "missing_lines": 0, "excluded_lines": 0, "percent_statements_covered": 100.0, "percent_statements_covered_display": "100"}, "missing_lines": [], "excluded_lines": []}, "RawRecurrentRolloutBuffer._to_numpy": {"executed_lines": [1540, 1541, 1542], "summary": {"covered_lines": 3, "num_statements": 3, "percent_covered": 100.0, "percent_covered_display": "100", "missing_lines": 0, "excluded_lines": 0, "percent_statements_covered": 100.0, "percent_statements_covered_display": "100"}, "missing_lines": [], "excluded_lines": []}, "RawRecurrentRolloutBuffer.add": {"executed_lines": [1558, 1561, 1563, 1565, 1566, 1567, 1569, 1570, 1571, 1574, 1575, 1576, 1578, 1582, 1585, 1597, 1598, 1599, 1600, 1604, 1606, 1607, 1608, 1609, 1613, 1615, 1624], "summary": {"covered_lines": 27, "num_statements": 40, "percent_covered": 67.5, "percent_covered_display": "68", "missing_lines": 13, "excluded_lines": 0, "percent_statements_covered": 67.5, "percent_statements_covered_display": "68"}, "missing_lines": [1559, 1586, 1587, 1589, 1593, 1616, 1617, 1618, 1622, 1625, 1626, 1627, 1631], "excluded_lines": []}, "RawRecurrentRolloutBuffer.get": {"executed_lines": [1636, 1638, 1639, 1640, 1642, 1658, 1659, 1660, 1663, 1664, 1665, 1666, 1667, 1669, 1672, 1673, 1674, 1676, 1679, 1680, 1681, 1683, 1684, 1685, 1687, 1688, 1689, 1690, 1691], "summary": {"covered_lines": 29, "num_statements": 33, "percent_covered": 87.87878787878788, "percent_covered_display": "88", "missing_lines": 4, "excluded_lines": 0, "percent_statements_covered": 87.87878787878788, "percent_statements_covered_display": "88"}, "missing_lines": [1661, 1668, 1670, 1677], "excluded_lines": []}, "RawRecurrentRolloutBuffer._get_samples": {"executed_lines": [1699, 1703, 1704, 1705, 1707, 1711, 1715, 1719, 1724, 1737, 1738, 1739, 1743, 1744, 1745, 1746, 1747, 1748, 1749, 1750, 1751, 1752, 1755, 1756, 1757, 1758, 1760, 1761, 1762, 1763, 1764, 1766, 1767, 1768, 1769, 1770, 1771, 1772, 1773, 1774, 1775, 1778, 1779, 1780, 1781, 1783, 1784, 1789, 1790, 1791, 1792, 1794, 1795, 1796, 1797, 1799, 1800, 1804, 1805, 1809], "summary": {"covered_lines": 60, "num_statements": 67, "percent_covered": 89.55223880597015, "percent_covered_display": "90", "missing_lines": 7, "excluded_lines": 0, "percent_statements_covered": 89.55223880597015, "percent_statements_covered_display": "90"}, "missing_lines": [1759, 1785, 1786, 1801, 1802, 1806, 1807], "excluded_lines": []}, "RawRecurrentRolloutBuffer._get_samples._to_tensor": {"executed_lines": [1730, 1731, 1732, 1733, 1735], "summary": {"covered_lines": 5, "num_statements": 6, "percent_covered": 83.33333333333333, "percent_covered_display": "83", "missing_lines": 1, "excluded_lines": 0, "percent_statements_covered": 83.33333333333333, "percent_statements_covered_display": "83"}, "missing_lines": [1734], "excluded_lines": []}, "DistributionalPPO._expand_logger_key_length": {"executed_lines": [1903, 1904, 1906, 1907, 1908, 1910, 1911, 1912, 1913, 1914, 1915, 1916, 1917], "summary": {"covered_lines": 11, "num_statements": 11, "percent_covered": 100.0, "percent_covered_display": "100", "missing_lines": 0, "excluded_lines": 4, "percent_statements_covered": 100.0, "percent_statements_covered_display": "100"}, "missing_lines": [], "excluded_lines": [1912, 1913, 1918, 1919]}, "DistributionalPPO._ensure_internal_logger": {"executed_lines": [1932, 1933, 1935, 1936], "summary": {"covered_lines": 1, "num_statements": 1, "percent_covered": 100.0, "percent_covered_display": "100", "missing_lines": 0, "excluded_lines": 3, "percent_statements_covered": 100.0, "percent_statements_covered_display": "100"}, "missing_lines": [], "excluded_lines": [1932, 1933, 1935]}, "DistributionalPPO._record_value_debug_stats": {"executed_lines": [1948, 1949, 1950, 1953, 1954, 1959, 1960, 1961, 1966, 1967, 1968, 1969, 1973, 1974, 1975, 1979, 1982, 1983, 1984, 1988, 1989, 1991, 1992, 1993, 1994, 1995, 1996, 2000, 2001, 2002], "summary": {"covered_lines": 30, "num_statements": 40, "percent_covered": 75.0, "percent_covered_display": "75", "missing_lines": 10, "excluded_lines": 0, "percent_statements_covered": 75.0, "percent_statements_covered_display": "75"}, "missing_lines": [1951, 1955, 1956, 1957, 1962, 1963, 1964, 1970, 1971, 1980], "excluded_lines": []}, "DistributionalPPO._log_vf_clip_dispersion": {"executed_lines": [2018, 2019, 2020, 2023, 2035, 2036, 2037, 2038, 2040, 2041, 2042, 2043, 2044, 2050, 2052, 2053, 2054, 2055, 2056, 2062], "summary": {"covered_lines": 20, "num_statements": 21, "percent_covered": 95.23809523809524, "percent_covered_display": "95", "missing_lines": 1, "excluded_lines": 0, "percent_statements_covered": 95.23809523809524, "percent_statements_covered_display": "95"}, "missing_lines": [2021], "excluded_lines": []}, "DistributionalPPO._log_vf_clip_dispersion._std_value": {"executed_lines": [2024, 2026, 2027, 2028, 2030, 2031, 2033], "summary": {"covered_lines": 7, "num_statements": 10, "percent_covered": 70.0, "percent_covered_display": "70", "missing_lines": 3, "excluded_lines": 0, "percent_statements_covered": 70.0, "percent_statements_covered_display": "70"}, "missing_lines": [2025, 2029, 2032], "excluded_lines": []}, "DistributionalPPO._replay_popart_config_logs": {"executed_lines": [2067, 2068, 2071, 2072, 2073, 2076, 2077, 2078], "summary": {"covered_lines": 8, "num_statements": 12, "percent_covered": 66.66666666666667, "percent_covered_display": "67", "missing_lines": 4, "excluded_lines": 0, "percent_statements_covered": 66.66666666666667, "percent_statements_covered_display": "67"}, "missing_lines": [2069, 2074, 2079, 2080], "excluded_lines": []}, "DistributionalPPO._setup_model": {"executed_lines": [2083, 2085, 2086, 2087, 2088, 2091, 2092, 2093, 2094, 2096, 2099, 2102, 2105, 2111], "summary": {"covered_lines": 14, "num_statements": 17, "percent_covered": 82.3529411764706, "percent_covered_display": "82", "missing_lines": 3, "excluded_lines": 0, "percent_statements_covered": 82.3529411764706, "percent_statements_covered_display": "82"}, "missing_lines": [2089, 2090, 2103], "excluded_lines": []}, "DistributionalPPO._setup_learn": {"executed_lines": [2130, 2138, 2139, 2140, 2142, 2144, 2146], "summary": {"covered_lines": 7, "num_statements": 7, "percent_covered": 100.0, "percent_covered_display": "100", "missing_lines": 0, "excluded_lines": 0, "percent_statements_covered": 100.0, "percent_statements_covered_display": "100"}, "missing_lines": [], "excluded_lines": []}, "DistributionalPPO.cvar_winsor_pct": {"executed_lines": [2154, 2155, 2157, 2158, 2159, 2161, 2163, 2164, 2165, 2166], "summary": {"covered_lines": 10, "num_statements": 13, "percent_covered": 76.92307692307692, "percent_covered_display": "77", "missing_lines": 3, "excluded_lines": 0, "percent_statements_covered": 76.92307692307692, "percent_statements_covered_display": "77"}, "missing_lines": [2156, 2160, 2162], "excluded_lines": []}, "DistributionalPPO._clone_states_to_device": {"executed_lines": [2173, 2174, 2176, 2188, 2189, 2190, 2191, 2193], "summary": {"covered_lines": 8, "num_statements": 8, "percent_covered": 100.0, "percent_covered_display": "100", "missing_lines": 0, "excluded_lines": 0, "percent_statements_covered": 100.0, "percent_statements_covered_display": "100"}, "missing_lines": [], "excluded_lines": []}, "DistributionalPPO._clone_states_to_device._clone_item": {"executed_lines": [2177, 2178, 2179, 2180, 2181, 2183, 2184, 2185], "summary": {"covered_lines": 8, "num_statements": 10, "percent_covered": 80.0, "percent_covered_display": "80", "missing_lines": 2, "excluded_lines": 0, "percent_statements_covered": 80.0, "percent_statements_covered_display": "80"}, "missing_lines": [2182, 2186], "excluded_lines": []}, "DistributionalPPO._clone_observations_to_device": {"executed_lines": [2197, 2198, 2199, 2200, 2201, 2202, 2203, 2204, 2205, 2206, 2207, 2208, 2211], "summary": {"covered_lines": 13, "num_statements": 15, "percent_covered": 86.66666666666667, "percent_covered_display": "87", "missing_lines": 2, "excluded_lines": 0, "percent_statements_covered": 86.66666666666667, "percent_statements_covered_display": "87"}, "missing_lines": [2209, 2210], "excluded_lines": []}, "DistributionalPPO._detach_observations_to_cpu": {"executed_lines": [2215, 2216, 2217, 2218, 2219, 2220, 2221, 2222, 2223], "summary": {"covered_lines": 9, "num_statements": 9, "percent_covered": 100.0, "percent_covered_display": "100", "missing_lines": 0, "excluded_lines": 0, "percent_statements_covered": 100.0, "percent_statements_covered_display": "100"}, "missing_lines": [], "excluded_lines": []}, "DistributionalPPO._detach_states_to_cpu": {"executed_lines": [2229, 2230, 2231], "summary": {"covered_lines": 3, "num_statements": 3, "percent_covered": 100.0, "percent_covered_display": "100", "missing_lines": 0, "excluded_lines": 0, "percent_statements_covered": 100.0, "percent_statements_covered_display": "100"}, "missing_lines": [], "excluded_lines": []}, "DistributionalPPO._detach_episode_starts_to_cpu": {"executed_lines": [2235, 2236, 2238, 2239, 2240, 2241], "summary": {"covered_lines": 6, "num_statements": 6, "percent_covered": 100.0, "percent_covered_display": "100", "missing_lines": 0, "excluded_lines": 0, "percent_statements_covered": 100.0, "percent_statements_covered_display": "100"}, "missing_lines": [], "excluded_lines": []}, "DistributionalPPO._extract_critic_states": {"executed_lines": [2247, 2248, 2249, 2250, 2251], "summary": {"covered_lines": 5, "num_statements": 5, "percent_covered": 100.0, "percent_covered_display": "100", "missing_lines": 0, "excluded_lines": 0, "percent_statements_covered": 100.0, "percent_statements_covered_display": "100"}, "missing_lines": [], "excluded_lines": []}, "DistributionalPPO._extract_actor_states": {"executed_lines": [2257, 2258, 2260, 2261], "summary": {"covered_lines": 4, "num_statements": 5, "percent_covered": 80.0, "percent_covered_display": "80", "missing_lines": 1, "excluded_lines": 0, "percent_statements_covered": 80.0, "percent_statements_covered_display": "80"}, "missing_lines": [2263], "excluded_lines": []}, "DistributionalPPO._concat_tensor_batches": {"executed_lines": [2282, 2283, 2284, 2285, 2286, 2287, 2288, 2289], "summary": {"covered_lines": 8, "num_statements": 8, "percent_covered": 100.0, "percent_covered_display": "100", "missing_lines": 0, "excluded_lines": 0, "percent_statements_covered": 100.0, "percent_statements_covered_display": "100"}, "missing_lines": [], "excluded_lines": []}, "DistributionalPPO._concat_string_keys": {"executed_lines": [2306, 2307, 2308, 2309, 2310, 2311], "summary": {"covered_lines": 6, "num_statements": 6, "percent_covered": 100.0, "percent_covered_display": "100", "missing_lines": 0, "excluded_lines": 0, "percent_statements_covered": 100.0, "percent_statements_covered_display": "100"}, "missing_lines": [], "excluded_lines": []}, "DistributionalPPO._prepare_minibatch_iterator": {"executed_lines": [2343, 2344, 2345, 2347, 2348, 2349, 2354, 2358, 2359], "summary": {"covered_lines": 9, "num_statements": 9, "percent_covered": 100.0, "percent_covered_display": "100", "missing_lines": 0, "excluded_lines": 0, "percent_statements_covered": 100.0, "percent_statements_covered_display": "100"}, "missing_lines": [], "excluded_lines": []}, "DistributionalPPO._prepare_minibatch_iterator._grouped_microbatches": {"executed_lines": [2355, 2356], "summary": {"covered_lines": 2, "num_statements": 2, "percent_covered": 100.0, "percent_covered_display": "100", "missing_lines": 0, "excluded_lines": 0, "percent_statements_covered": 100.0, "percent_statements_covered_display": "100"}, "missing_lines": [], "excluded_lines": []}, "DistributionalPPO._reset_lstm_states_for_done_envs": {"executed_lines": [2390, 2394, 2397, 2426, 2428, 2429, 2432, 2433, 2437, 2438, 2439, 2440, 2441, 2448, 2449, 2450, 2451, 2452, 2459], "summary": {"covered_lines": 19, "num_statements": 34, "percent_covered": 55.88235294117647, "percent_covered_display": "56", "missing_lines": 15, "excluded_lines": 0, "percent_statements_covered": 55.88235294117647, "percent_statements_covered_display": "56"}, "missing_lines": [2391, 2395, 2434, 2461, 2463, 2465, 2466, 2467, 2470, 2471, 2472, 2473, 2479, 2482, 2486], "excluded_lines": []}, "DistributionalPPO._reset_lstm_states_for_done_envs._reset_state_slice": {"executed_lines": [2408, 2411, 2413, 2414, 2422], "summary": {"covered_lines": 5, "num_statements": 9, "percent_covered": 55.55555555555556, "percent_covered_display": "56", "missing_lines": 4, "excluded_lines": 0, "percent_statements_covered": 55.55555555555556, "percent_statements_covered_display": "56"}, "missing_lines": [2417, 2418, 2420, 2421], "excluded_lines": []}, "DistributionalPPO.reset_lstm_states_to_initial": {"executed_lines": [2524, 2526, 2529, 2532, 2533], "summary": {"covered_lines": 5, "num_statements": 6, "percent_covered": 83.33333333333333, "percent_covered_display": "83", "missing_lines": 1, "excluded_lines": 0, "percent_statements_covered": 83.33333333333333, "percent_statements_covered_display": "83"}, "missing_lines": [2539], "excluded_lines": []}, "DistributionalPPO._build_value_prediction_cache_entry": {"executed_lines": [2550, 2551, 2552, 2553, 2554, 2556, 2557, 2559, 2560, 2561, 2567, 2568], "summary": {"covered_lines": 12, "num_statements": 13, "percent_covered": 92.3076923076923, "percent_covered_display": "92", "missing_lines": 1, "excluded_lines": 0, "percent_statements_covered": 92.3076923076923, "percent_statements_covered_display": "92"}, "missing_lines": [2555], "excluded_lines": []}, "DistributionalPPO._refresh_value_prediction_tensors": {"executed_lines": [2596, 2604, 2605, 2607, 2613, 2620, 2629, 2647, 2756, 2757, 2758, 2759, 2760, 2761, 2762, 2763, 2764, 2766, 2767, 2768, 2769, 2770, 2771, 2772, 2774, 2775, 2777], "summary": {"covered_lines": 27, "num_statements": 28, "percent_covered": 96.42857142857143, "percent_covered_display": "96", "missing_lines": 1, "excluded_lines": 0, "percent_statements_covered": 96.42857142857143, "percent_statements_covered_display": "96"}, "missing_lines": [2597], "excluded_lines": []}, "DistributionalPPO._refresh_value_prediction_tensors._prepare_episode_starts": {"executed_lines": [2608, 2609, 2611], "summary": {"covered_lines": 3, "num_statements": 4, "percent_covered": 75.0, "percent_covered_display": "75", "missing_lines": 1, "excluded_lines": 0, "percent_statements_covered": 75.0, "percent_statements_covered_display": "75"}, "missing_lines": [2610], "excluded_lines": []}, "DistributionalPPO._refresh_value_prediction_tensors._prepare_states": {"executed_lines": [2616, 2617, 2618], "summary": {"covered_lines": 3, "num_statements": 3, "percent_covered": 100.0, "percent_covered_display": "100", "missing_lines": 0, "excluded_lines": 0, "percent_statements_covered": 100.0, "percent_statements_covered_display": "100"}, "missing_lines": [], "excluded_lines": []}, "DistributionalPPO._refresh_value_prediction_tensors._select_pred": {"executed_lines": [2621, 2622, 2623, 2624, 2626, 2627], "summary": {"covered_lines": 6, "num_statements": 7, "percent_covered": 85.71428571428571, "percent_covered_display": "86", "missing_lines": 1, "excluded_lines": 0, "percent_statements_covered": 85.71428571428571, "percent_statements_covered_display": "86"}, "missing_lines": [2625], "excluded_lines": []}, "DistributionalPPO._refresh_value_prediction_tensors._select_mask": {"executed_lines": [2634, 2635, 2636, 2637, 2639, 2640, 2641, 2642, 2644, 2645], "summary": {"covered_lines": 10, "num_statements": 12, "percent_covered": 83.33333333333333, "percent_covered_display": "83", "missing_lines": 2, "excluded_lines": 0, "percent_statements_covered": 83.33333333333333, "percent_statements_covered_display": "83"}, "missing_lines": [2638, 2643], "excluded_lines": []}, "DistributionalPPO._refresh_value_prediction_tensors._predict": {"executed_lines": [2648, 2649, 2650, 2657, 2658, 2659, 2660, 2662, 2664, 2665, 2666, 2667, 2669, 2670, 2673, 2674, 2675, 2676, 2679, 2680, 2681, 2682, 2685, 2686, 2687, 2688, 2689, 2704, 2706, 2707, 2708, 2709, 2710, 2713, 2714, 2715, 2718, 2723, 2731, 2732, 2736, 2743, 2744, 2747, 2748, 2754], "summary": {"covered_lines": 46, "num_statements": 56, "percent_covered": 82.14285714285714, "percent_covered_display": "82", "missing_lines": 10, "excluded_lines": 0, "percent_statements_covered": 82.14285714285714, "percent_statements_covered_display": "82"}, "missing_lines": [2668, 2693, 2694, 2698, 2699, 2724, 2725, 2726, 2727, 2737], "excluded_lines": []}, "DistributionalPPO._ev_group_key_from_info": {"executed_lines": [2785, 2786, 2787, 2788, 2789, 2790, 2791, 2792, 2793, 2794, 2795, 2796, 2797, 2798, 2799, 2800, 2801, 2802, 2803, 2804, 2805, 2806, 2808, 2809, 2810, 2811, 2812], "summary": {"covered_lines": 27, "num_statements": 27, "percent_covered": 100.0, "percent_covered_display": "100", "missing_lines": 0, "excluded_lines": 0, "percent_statements_covered": 100.0, "percent_statements_covered_display": "100"}, "missing_lines": [], "excluded_lines": []}, "DistributionalPPO._resolve_ev_group_keys_from_flat": {"executed_lines": [2815, 2816, 2817, 2819, 2820, 2821, 2823, 2825, 2826, 2827, 2828, 2832, 2834, 2836, 2838, 2839, 2840, 2841, 2842, 2843, 2844, 2845, 2846, 2847, 2848, 2851, 2852], "summary": {"covered_lines": 27, "num_statements": 30, "percent_covered": 90.0, "percent_covered_display": "90", "missing_lines": 3, "excluded_lines": 0, "percent_statements_covered": 90.0, "percent_statements_covered_display": "90"}, "missing_lines": [2829, 2830, 2850], "excluded_lines": []}, "DistributionalPPO._extract_group_keys_for_indices": {"executed_lines": [2859, 2860, 2862, 2863, 2864, 2865, 2867, 2868, 2869, 2870, 2871, 2872, 2874], "summary": {"covered_lines": 13, "num_statements": 16, "percent_covered": 81.25, "percent_covered_display": "81", "missing_lines": 3, "excluded_lines": 0, "percent_statements_covered": 81.25, "percent_statements_covered_display": "81"}, "missing_lines": [2861, 2866, 2873], "excluded_lines": []}, "DistributionalPPO._merge_valid_indices": {"executed_lines": [2883, 2884, 2885], "summary": {"covered_lines": 3, "num_statements": 3, "percent_covered": 100.0, "percent_covered_display": "100", "missing_lines": 0, "excluded_lines": 0, "percent_statements_covered": 100.0, "percent_statements_covered_display": "100"}, "missing_lines": [], "excluded_lines": []}, "DistributionalPPO._resolve_group_keys_for_training_batch": {"executed_lines": [2895, 2898, 2901], "summary": {"covered_lines": 3, "num_statements": 3, "percent_covered": 100.0, "percent_covered_display": "100", "missing_lines": 0, "excluded_lines": 0, "percent_statements_covered": 100.0, "percent_statements_covered_display": "100"}, "missing_lines": [], "excluded_lines": []}, "DistributionalPPO._resolve_ev_reserve_mask": {"executed_lines": [2918, 2919, 2921, 2922, 2923, 2925, 2926, 2927, 2929, 2930, 2932], "summary": {"covered_lines": 11, "num_statements": 11, "percent_covered": 100.0, "percent_covered_display": "100", "missing_lines": 0, "excluded_lines": 0, "percent_statements_covered": 100.0, "percent_statements_covered_display": "100"}, "missing_lines": [], "excluded_lines": []}, "DistributionalPPO._flatten_rollout_mask": {"executed_lines": [2936, 2937, 2938, 2939, 2940, 2941, 2944], "summary": {"covered_lines": 7, "num_statements": 7, "percent_covered": 100.0, "percent_covered_display": "100", "missing_lines": 0, "excluded_lines": 2, "percent_statements_covered": 100.0, "percent_statements_covered_display": "100"}, "missing_lines": [], "excluded_lines": [2942, 2943]}, "DistributionalPPO._should_skip_ev_reserve_batch": {"executed_lines": [2954, 2955, 2957, 2958, 2959, 2961, 2963, 2966, 2967, 2969, 2970, 2972, 2973, 2975], "summary": {"covered_lines": 14, "num_statements": 16, "percent_covered": 87.5, "percent_covered_display": "88", "missing_lines": 2, "excluded_lines": 0, "percent_statements_covered": 87.5, "percent_statements_covered_display": "88"}, "missing_lines": [2962, 2964], "excluded_lines": []}, "DistributionalPPO._filter_ev_reserve_rows": {"executed_lines": [2999, 3000, 3002, 3003, 3006, 3007, 3010, 3013, 3014, 3015, 3017, 3018, 3029, 3030, 3031, 3032, 3033, 3035], "summary": {"covered_lines": 18, "num_statements": 29, "percent_covered": 62.06896551724138, "percent_covered_display": "62", "missing_lines": 11, "excluded_lines": 0, "percent_statements_covered": 62.06896551724138, "percent_statements_covered_display": "62"}, "missing_lines": [3004, 3008, 3011, 3019, 3020, 3021, 3022, 3023, 3024, 3026, 3027], "excluded_lines": []}, "DistributionalPPO._ev_reserve_mask_to_weights": {"executed_lines": [3044, 3045, 3047, 3050, 3051, 3053, 3054, 3056, 3057], "summary": {"covered_lines": 9, "num_statements": 10, "percent_covered": 90.0, "percent_covered_display": "90", "missing_lines": 1, "excluded_lines": 0, "percent_statements_covered": 90.0, "percent_statements_covered_display": "90"}, "missing_lines": [3055], "excluded_lines": []}, "DistributionalPPO._policy_value_outputs": {"executed_lines": [3067, 3068, 3070, 3071, 3072, 3074, 3076, 3077, 3078, 3080, 3081, 3084], "summary": {"covered_lines": 11, "num_statements": 12, "percent_covered": 91.66666666666667, "percent_covered_display": "92", "missing_lines": 1, "excluded_lines": 2, "percent_statements_covered": 91.66666666666667, "percent_statements_covered_display": "92"}, "missing_lines": [3073], "excluded_lines": [3081, 3082]}, "DistributionalPPO._value_target_outlier_fractions": {"executed_lines": [3092, 3093, 3095, 3096, 3097, 3098], "summary": {"covered_lines": 6, "num_statements": 6, "percent_covered": 100.0, "percent_covered_display": "100", "missing_lines": 0, "excluded_lines": 0, "percent_statements_covered": 100.0, "percent_statements_covered_display": "100"}, "missing_lines": [], "excluded_lines": []}, "DistributionalPPO._build_support_distribution": {"executed_lines": [3103, 3104, 3105, 3107, 3108, 3109, 3112, 3118, 3119, 3120, 3121, 3122, 3123, 3125, 3126, 3127, 3128, 3129, 3130, 3132, 3133, 3134, 3135, 3137, 3138, 3141, 3142, 3144, 3145, 3146, 3147, 3148, 3150], "summary": {"covered_lines": 33, "num_statements": 37, "percent_covered": 89.1891891891892, "percent_covered_display": "89", "missing_lines": 4, "excluded_lines": 0, "percent_statements_covered": 89.1891891891892, "percent_statements_covered_display": "89"}, "missing_lines": [3113, 3114, 3115, 3116], "excluded_lines": []}, "DistributionalPPO._quantile_levels_tensor": {"executed_lines": [3153, 3154, 3155, 3156], "summary": {"covered_lines": 4, "num_statements": 4, "percent_covered": 100.0, "percent_covered_display": "100", "missing_lines": 0, "excluded_lines": 0, "percent_statements_covered": 100.0, "percent_statements_covered_display": "100"}, "missing_lines": [], "excluded_lines": []}, "DistributionalPPO._twin_critics_loss": {"executed_lines": [3184, 3185, 3186, 3189, 3191, 3193, 3196, 3197, 3202, 3204, 3205, 3206, 3207, 3208, 3209, 3211, 3213, 3214, 3217, 3219, 3221, 3223, 3224, 3225, 3230, 3232, 3233, 3234, 3235, 3236, 3237, 3243, 3244, 3245, 3246, 3247, 3249], "summary": {"covered_lines": 37, "num_statements": 38, "percent_covered": 97.36
[...]
503, 9504, 9505, 9507, 9508, 9509, 9512, 9513, 9515, 9516, 9518, 9519, 9520, 9521, 9522, 9523, 9524, 9525, 9526, 9527, 9528, 9529, 9530, 9531, 9532, 9533, 9534, 9535, 9536, 9537, 9538, 9539, 9541, 9547, 9553, 9554, 9555, 9556, 9557, 9560, 9563, 9564, 9567, 9568, 9569, 9570, 9571, 9572, 9575, 9578, 9582, 9583, 9584, 9596, 9599, 9600, 9607, 9608, 9609, 9611, 9613, 9614, 9615, 9620, 9621, 9622, 9623, 9645, 9646, 9649, 9650, 9653, 9655, 9658, 9665, 9666, 9669, 9670, 9677, 9681, 9682, 9683, 9684, 9686, 9688, 9691, 9699, 9700, 9702, 9703, 9704, 9706, 9707, 9708, 9709, 9714, 9727, 9730, 9731, 9733, 9734, 9737, 9740, 9741, 9742, 9743, 9744, 9749, 9750, 9753, 9754, 9755, 9760, 9761, 9764, 9765, 9766, 9823, 9827, 9829, 9837, 9842, 9848, 9850, 9852, 9853, 9856, 9875, 9876, 9878, 9879, 9884, 9885, 9888, 9889, 9890, 9894, 9898, 9899, 9900, 9902, 9907, 9910, 9918, 9922, 9928, 9929, 9930, 9936, 9944, 9945, 9946, 9947, 9948, 9949, 9951, 9952, 9957, 9961, 9962, 9965, 9966, 9972, 9977, 9978, 9982, 9984, 9990, 9993, 9996, 9999, 10003, 10009, 10010, 10011, 10012, 10013, 10020, 10021, 10027, 10028, 10035, 10036, 10038, 10039, 10041, 10042, 10043, 10045, 10046, 10047, 10048, 10049, 10050, 10051, 10052, 10053, 10054, 10055, 10056, 10057, 10058, 10059, 10060, 10061, 10062, 10063, 10064, 10065, 10070, 10071, 10072, 10073, 10074, 10076, 10077, 10078, 10079, 10080, 10081, 10082, 10084, 10085, 10086, 10087, 10088, 10090, 10091, 10092, 10093, 10094, 10095, 10096, 10097, 10098, 10099, 10100, 10102, 10103, 10108, 10109, 10110, 10111, 10116, 10117, 10119, 10122, 10125, 10133, 10134, 10139, 10143, 10144, 10145, 10146, 10148, 10149, 10150, 10151, 10152, 10153, 10154, 10156, 10157, 10158, 10159, 10160, 10161, 10162, 10163, 10164, 10165, 10179, 10180, 10181, 10182, 10183, 10184, 10185, 10191, 10192, 10193, 10194, 10195, 10196, 10197, 10200, 10201, 10202, 10204, 10205, 10206, 10207, 10208, 10209, 10210, 10211, 10212, 10213, 10214, 10215, 10216, 10217, 10218, 10219, 10220, 10221, 10222, 10223, 10230, 10231, 10237, 10240, 10243, 10244, 10245, 10247, 10266, 10274, 10278, 10279, 10280, 10281, 10282, 10286, 10287, 10288, 10289, 10290, 10291, 10294, 10295, 10296, 10298, 10307, 10310, 10311, 10316, 10318, 10319, 10321, 10328, 10329, 10330, 10336, 10340, 10341, 10342, 10344, 10346, 10347, 10349, 10350, 10351, 10361, 10362, 10364, 10366, 10367, 10368, 10372, 10377, 10378, 10379, 10380, 10381, 10383, 10384, 10393, 10396, 10397, 10398, 10399, 10400, 10403, 10404, 10405, 10410, 10411, 10412, 10414, 10462, 10463, 10464, 10465, 10468, 10470, 10471, 10473, 10474, 10475, 10476, 10477, 10481, 10483, 10484, 10485, 10486, 10487, 10491, 10492, 10494, 10495, 10496, 10498, 10502, 10523, 10524, 10525, 10526, 10527, 10529, 10530, 10538, 10562, 10563, 10570, 10571, 10572, 10573, 10574, 10575, 10576, 10577, 10578, 10579, 10581, 10582, 10583, 10585, 10589, 10590, 10593, 10594, 10596, 10600, 10601, 10604, 10605, 10606, 10611, 10612, 10613, 10614, 10615, 10616, 10619, 10624, 10625, 10628, 10629, 10630, 10632, 10633, 10634, 10635, 10636, 10638, 10639, 10641, 10642, 10643, 10645, 10654, 10655, 10656, 10660, 10661, 10663, 10664, 10668, 10669, 10670, 10672, 10674, 10679, 10682, 10683, 10686, 10689, 10698, 10699, 10702, 10703, 10706, 10707, 10710, 10716, 10717, 10720, 10721, 10724, 10725, 10732, 10736, 10737, 10738, 10739, 10741, 10743, 10746, 10752, 10753, 10754, 10755, 10756, 10757, 10758, 10760, 10761, 10762, 10768, 10770, 10771, 10772, 10774, 10780, 10781, 10782, 10783, 10784, 10785, 10786, 10787, 10788, 10794, 10796, 10798, 10801, 10806, 10812, 10815, 10818, 10819, 10820, 10824, 10825, 10826, 10827, 10828, 10829, 10831, 10832, 10833, 10835, 10836, 10839, 10840, 10843, 10852, 10855, 10856, 10862, 10871, 10872, 10873, 10876, 10881, 10886, 10887, 10890, 10895, 10899, 10900, 10906, 10908, 10909, 10910, 10911, 10912, 10913, 10914, 10919, 10924, 10927, 10930, 10933, 10934, 10939, 10940, 10946, 10948, 10949, 10950, 10951, 10952, 10953, 10954, 10961, 10964, 10966, 10967, 10968, 10973, 10975, 10976, 10979, 10980, 10982, 10983, 10986, 10990, 10998, 10999, 11001, 11002, 11006, 11007, 11012, 11017, 11020, 11021, 11022, 11023, 11024, 11025, 11026, 11034, 11035, 11036, 11037, 11042, 11043, 11047, 11048, 11057, 11062, 11360, 11365, 11370, 11378, 11379, 11384, 11387, 11391, 11392, 11395, 11396, 11400, 11405, 11408, 11412, 11415, 11422, 11426, 11427, 11428, 11429, 11430, 11434, 11435, 11441, 11442, 11475, 11485, 11491, 11776, 11777, 11780, 11782, 11784, 11785, 11786, 11787, 11792, 11798, 11807, 11808, 11816, 11820, 11821, 11822, 11824, 11829, 11838, 11842, 11849, 11851, 11856, 11859, 11864, 11872, 11873, 11874, 11875, 11882, 11883, 11884, 11885, 11886, 11887, 11892, 11897, 11900, 11904, 11909, 11914, 11917, 11921, 11924, 11931, 11933, 11936, 11937, 11940, 11962, 11963, 11964, 11965, 11966, 11967, 11970, 11977, 11982, 11983, 11984, 11987, 11988, 11994, 11999, 12001, 12002, 12004, 12007, 12017, 12019, 12020, 12021, 12022, 12023, 12024, 12025, 12026, 12027, 12028, 12029, 12030, 12031, 12032, 12033, 12034, 12036, 12042, 12043, 12045, 12055, 12056, 12057, 12060, 12062, 12064, 12066, 12067, 12070, 12075, 12076, 12080, 12081, 12082, 12083, 12084, 12085, 12086, 12087, 12088, 12089, 12091, 12092, 12098, 12099, 12100, 12101, 12102, 12104, 12106, 12107, 12109, 12120, 12123, 12128, 12134, 12136, 12139, 12140, 12141, 12142, 12143, 12144, 12145, 12146, 12151, 12152, 12161, 12163, 12166, 12167, 12170, 12172, 12173, 12174, 12187, 12189, 12195, 12200, 12201, 12202, 12203, 12205, 12206, 12207, 12217, 12218, 12219, 12220, 12221, 12222, 12225, 12226, 12231, 12233, 12238, 12239, 12240, 12241, 12242, 12243, 12244, 12245, 12246, 12247, 12248, 12249, 12250, 12251, 12252, 12255, 12256, 12259, 12260, 12262, 12267, 12272, 12273, 12274, 12275, 12276, 12277, 12278, 12279, 12280, 12282, 12284, 12298, 12299, 12300, 12301, 12302, 12303, 12304, 12305, 12306, 12307, 12308, 12309, 12310, 12311, 12312, 12314, 12315, 12320, 12321, 12322, 12325, 12326, 12327, 12329, 12330, 12333, 12334, 12336, 12343, 12344, 12347, 12348, 12351, 12353, 12354, 12360, 12365, 12366, 12367, 12368, 12372, 12373, 12374, 12376, 12381, 12386, 12387, 12388, 12396, 12397, 12398, 12399, 12401, 12402, 12403, 12406, 12412, 12415, 12416, 12423, 12424, 12440, 12441, 12443, 12444, 12445, 12446, 12447, 12448, 12449, 12450, 12451, 12452, 12453, 12455, 12479, 12480, 12481, 12482, 12483, 12484, 12485, 12500, 12519, 12520, 12521, 12522, 12523, 12524, 12538, 12544, 12545, 12553, 12555, 12556, 12557, 12559, 12560, 12561, 12563, 12564, 12565, 12567, 12568, 12569, 12571, 12572, 12573, 12575, 12576, 12577, 12579, 12580, 12581, 12582, 12583, 12585, 12586, 12587, 12588, 12589, 12591, 12592, 12593, 12594, 12595, 12597, 12598, 12600, 12609, 12610, 12611, 12616, 12617, 12626, 12627, 12629, 12631, 12633, 12634, 12635, 12636, 12637, 12638, 12641, 12644, 12647, 12648, 12649, 12650, 12651, 12652, 12654, 12655, 12656, 12657, 12687, 12696, 12704, 12705, 12706, 12709, 12711, 12712, 12713, 12716, 12720, 12721, 12725, 12726, 12730, 12731, 12732, 12733, 12735, 12736, 12737, 12739, 12740, 12741, 12742, 12743, 12745, 12746, 12747, 12748, 12749, 12753, 12754, 12755, 12756, 12759, 12760, 12764, 12768, 12769, 12770, 12771, 12772, 12776, 12777, 12781, 12782, 12784, 12789, 12790, 12791, 12792, 12793, 12794, 12795, 12796, 12797, 12798, 12799, 12800, 12801, 12802, 12803, 12804, 12808, 12809, 12810, 12812, 12814, 12815, 12821, 12822, 12825, 12826, 12827, 12828, 12829, 12830, 12831, 12832, 12836, 12839, 12840, 12843, 12844, 12845, 12846, 12847, 12848, 12854, 12855, 12856, 12857, 12858, 12861, 12863, 12864, 12865, 12871, 12872, 12873, 12877, 12878, 12879, 12880, 12884, 12885, 12886, 12887, 12888, 12892, 12893, 12894, 12895, 12896, 12897, 12898, 12899, 12900, 12904, 12905, 12906, 12907, 12908, 12909, 12910, 12911, 12912, 12913, 12914, 12920, 12926, 12927, 12928, 12929, 12930, 12931, 12932, 12933, 12934, 12938, 12945, 12947, 12948, 12949, 12950, 12951, 12952, 12961, 12964, 12975, 12978, 12979, 12980, 12981, 12984, 12986, 12988, 12989, 12990, 12991, 12992, 12993, 12994, 12995, 12996, 12998, 12999, 13011, 13014, 13015, 13032, 13034, 13035, 13036, 13038, 13039, 13040, 13042, 13043, 13044, 13055, 13057, 13058, 13071, 13073, 13077, 13079, 13082, 13083, 13086, 13087, 13088, 13120, 13121, 13122, 13124, 13125, 13127, 13164, 13165, 13174, 13175, 13176, 13178, 13179, 13180, 13181, 13195, 13197, 13198, 13199, 13204, 13218, 13219, 13220, 13221, 13225, 13245, 13254, 13259, 13262, 13263, 13265, 13268, 13269], "summary": {"covered_lines": 4639, "num_statements": 5714, "percent_covered": 81.18655932796639, "percent_covered_display": "81", "missing_lines": 1075, "excluded_lines": 20, "percent_statements_covered": 81.18655932796639, "percent_statements_covered_display": "81"}, "missing_lines": [1951, 1955, 1956, 1957, 1962, 1963, 1964, 1970, 1971, 1980, 2021, 2025, 2029, 2032, 2069, 2074, 2079, 2080, 2089, 2090, 2103, 2156, 2160, 2162, 2182, 2186, 2209, 2210, 2263, 2391, 2395, 2417, 2418, 2420, 2421, 2434, 2461, 2463, 2465, 2466, 2467, 2470, 2471, 2472, 2473, 2479, 2482, 2486, 2539, 2555, 2597, 2610, 2625, 2638, 2643, 2668, 2693, 2694, 2698, 2699, 2724, 2725, 2726, 2727, 2737, 2829, 2830, 2850, 2861, 2866, 2873, 2962, 2964, 3004, 3008, 3011, 3019, 3020, 3021, 3022, 3023, 3024, 3026, 3027, 3055, 3073, 3113, 3114, 3115, 3116, 3239, 3333, 3345, 3346, 3351, 3394, 3395, 3396, 3397, 3400, 3405, 3412, 3413, 3414, 3415, 3538, 3540, 3557, 3601, 3602, 3606, 3640, 3641, 3643, 3644, 3645, 3646, 3655, 3790, 3795, 3896, 3899, 3965, 3973, 3974, 3975, 3976, 3977, 3978, 3979, 3980, 3981, 3982, 3994, 3997, 3998, 4092, 4238, 4239, 4265, 4266, 4267, 4268, 4270, 4274, 4289, 4301, 4302, 4310, 4328, 4329, 4330, 4335, 4336, 4337, 4364, 4366, 4367, 4368, 4369, 4370, 4371, 4372, 4373, 4374, 4375, 4376, 4389, 4393, 4398, 4402, 4406, 4449, 4450, 4452, 4453, 4454, 4456, 4466, 4467, 4468, 4469, 4470, 4471, 4472, 4473, 4605, 4635, 4640, 4646, 4648, 4663, 4686, 4687, 4711, 4752, 4753, 4850, 5094, 5107, 5121, 5125, 5129, 5139, 5140, 5141, 5143, 5144, 5145, 5146, 5147, 5148, 5149, 5162, 5170, 5171, 5172, 5173, 5177, 5184, 5185, 5186, 5187, 5201, 5215, 5216, 5217, 5218, 5241, 5242, 5243, 5244, 5247, 5248, 5249, 5250, 5276, 5278, 5287, 5291, 5295, 5305, 5343, 5460, 5477, 5478, 5479, 5489, 5500, 5501, 5506, 5507, 5508, 5515, 5582, 5586, 5587, 5589, 5590, 5591, 5612, 5613, 5620, 5637, 5638, 5645, 5646, 5660, 5661, 5669, 5682, 5686, 5687, 5733, 5768, 5789, 5799, 5803, 5840, 5841, 5842, 5861, 5862, 5863, 5864, 5886, 5887, 5913, 5963, 6074, 6076, 6086, 6140, 6145, 6320, 6459, 6501, 6504, 6509, 6529, 6555, 6564, 6575, 6580, 6593, 6599, 6615, 6621, 6624, 6633, 6644, 6650, 6668, 6713, 6714, 6715, 6716, 6720, 6847, 6883, 6987, 7007, 7008, 7192, 7204, 7205, 7220, 7241, 7264, 7265, 7270, 7293, 7294, 7295, 7296, 7310, 7318, 7322, 7325, 7328, 7393, 7394, 7398, 7415, 7416, 7417, 7425, 7436, 7447, 7457, 7526, 7527, 7530, 7554, 7555, 7556, 7557, 7558, 7559, 7560, 7576, 7599, 7600, 7629, 7631, 7632, 7633, 7634, 7650, 7663, 7664, 7666, 7667, 7668, 7689, 7696, 7764, 7765, 7766, 7767, 7769, 7770, 7771, 7773, 7774, 7775, 7776, 7777, 7794, 7796, 7807, 7811, 7812, 7839, 7840, 7843, 7844, 7845, 7846, 7863, 7876, 7879, 7880, 7881, 7883, 7884, 7900, 7923, 7930, 7931, 7932, 7933, 7934, 7941, 7944, 7948, 7955, 7959, 7970, 8004, 8011, 8012, 8013, 8014, 8016, 8017, 8020, 8045, 8059, 8071, 8079, 8084, 8088, 8090, 8091, 8092, 8096, 8098, 8099, 8106, 8109, 8117, 8121, 8130, 8175, 8182, 8184, 8186, 8187, 8213, 8214, 8215, 8216, 8217, 8245, 8251, 8252, 8260, 8262, 8266, 8267, 8269, 8272, 8312, 8317, 8318, 8319, 8324, 8327, 8328, 8330, 8331, 8335, 8438, 8459, 8465, 8466, 8467, 8470, 8481, 8482, 8483, 8511, 8517, 8535, 8541, 8552, 8558, 8572, 8573, 8574, 8575, 8578, 8579, 8580, 8581, 8584, 8585, 8586, 8587, 8590, 8591, 8592, 8593, 8596, 8597, 8598, 8599, 8600, 8601, 8602, 8605, 8609, 8610, 8611, 8612, 8613, 8614, 8623, 8630, 8631, 8649, 8673, 8674, 8675, 8676, 8677, 8678, 8679, 8702, 8707, 8710, 8746, 8770, 8771, 8817, 8858, 8859, 8860, 8877, 8881, 8884, 8886, 8887, 8888, 8891, 8899, 8904, 8908, 8909, 8910, 8913, 8916, 8919, 8922, 8925, 8928, 8931, 8934, 8937, 9115, 9230, 9235, 9236, 9237, 9240, 9241, 9242, 9250, 9333, 9395, 9396, 9399, 9400, 9412, 9417, 9420, 9421, 9433, 9438, 9439, 9453, 9510, 9552, 9580, 9585, 9586, 9601, 9624, 9705, 9728, 9738, 9770, 9771, 9772, 9774, 9775, 9776, 9777, 9778, 9783, 9787, 9788, 9789, 9796, 9800, 9801, 9806, 9807, 9808, 9809, 9810, 9815, 9818, 9855, 9861, 9862, 9866, 9867, 9870, 9871, 9872, 9873, 9877, 9895, 9896, 9901, 9911, 9923, 9988, 10004, 10005, 10006, 10007, 10008, 10019, 10040, 10104, 10105, 10106, 10118, 10126, 10140, 10141, 10166, 10167, 10168, 10169, 10172, 10173, 10175, 10176, 10177, 10187, 10188, 10189, 10198, 10199, 10249, 10250, 10253, 10260, 10263, 10264, 10283, 10284, 10292, 10293, 10308, 10309, 10324, 10325, 10326, 10369, 10370, 10373, 10433, 10436, 10437, 10438, 10440, 10441, 10442, 10443, 10449, 10450, 10452, 10457, 10458, 10479, 10480, 10490, 10499, 10500, 10531, 10532, 10533, 10534, 10535, 10540, 10541, 10543, 10544, 10545, 10548, 10549, 10555, 10556, 10559, 10560, 10564, 10565, 10566, 10568, 10595, 10597, 10598, 10599, 10602, 10603, 10627, 10657, 10665, 10789, 10790, 10799, 10808, 10845, 10846, 10847, 10849, 10850, 10869, 10870, 10901, 10902, 10903, 10904, 10905, 10956, 10957, 10958, 10959, 10978, 10985, 11003, 11009, 11029, 11063, 11064, 11072, 11073, 11074, 11076, 11083, 11090, 11094, 11098, 11104, 11127, 11128, 11129, 11132, 11133, 11134, 11135, 11136, 11141, 11142, 11143, 11144, 11148, 11151, 11152, 11153, 11158, 11159, 11160, 11165, 11166, 11176, 11179, 11180, 11181, 11182, 11187, 11191, 11192, 11199, 11203, 11204, 11209, 11212, 11213, 11215, 11216, 11217, 11225, 11226, 11230, 11231, 11234, 11236, 11241, 11245, 11246, 11249, 11250, 11255, 11256, 11257, 11262, 11265, 11266, 11275, 11276, 11282, 11285, 11289, 11292, 11299, 11300, 11304, 11308, 11309, 11316, 11317, 11319, 11323, 11328, 11331, 11335, 11336, 11338, 11342, 11347, 11353, 11431, 11432, 11444, 11445, 11446, 11449, 11450, 11452, 11455, 11463, 11466, 11467, 11468, 11469, 11470, 11471, 11472, 11492, 11493, 11501, 11502, 11503, 11505, 11511, 11517, 11521, 11525, 11536, 11559, 11560, 11561, 11564, 11565, 11566, 11567, 11568, 11573, 11574, 11575, 11580, 11581, 11589, 11593, 11596, 11599, 11600, 11601, 11603, 11610, 11611, 11615, 11619, 11620, 11627, 11630, 11633, 11634, 11636, 11637, 11640, 11641, 11642, 11645, 11647, 11652, 11656, 11658, 11661, 11662, 11664, 11668, 11669, 11670, 11675, 11678, 11679, 11680, 11681, 11688, 11696, 11697, 11700, 11707, 11708, 11712, 11716, 11717, 11728, 11730, 11738, 11745, 11746, 11751, 11754, 11755, 11759, 11764, 11769, 11773, 11801, 11809, 11817, 11818, 11823, 11830, 11843, 11876, 11877, 11880, 11901, 11905, 11934, 11968, 11995, 12008, 12009, 12010, 12011, 12012, 12015, 12046, 12061, 12110, 12111, 12112, 12113, 12114, 12115, 12116, 12117, 12118, 12121, 12122, 12124, 12125, 12129, 12130, 12131, 12132, 12133, 12135, 12137, 12153, 12154, 12155, 12156, 12157, 12158, 12175, 12176, 12177, 12178, 12179, 12180, 12181, 12182, 12183, 12185, 12208, 12209, 12211, 12215, 12223, 12224, 12228, 12229, 12253, 12254, 12257, 12258, 12290, 12291, 12292, 12293, 12294, 12295, 12296, 12324, 12332, 12349, 12350, 12400, 12404, 12407, 12408, 12409, 12410, 12411, 12413, 12605, 12606, 12607, 12623, 12624, 12688, 12691, 12692, 12700, 12734, 12778, 12811, 12813, 12824, 12842, 12860, 12874, 12915, 12959, 12960, 12976, 12982, 12983, 12985, 13012, 13016, 13017, 13018, 13019, 13045, 13046, 13056, 13059, 13060, 13061, 13062, 13074, 13075, 13089, 13090, 13167, 13172, 13201, 13205, 13211, 13212, 13223, 13266, 13267], "excluded_lines": [1912, 1913, 1918, 1919, 1932, 1933, 1935, 2942, 2943, 3081, 3082, 4712, 4713, 9590, 9591, 9592, 9593, 9594, 9620, 9621]}, "": {"executed_lines": [1, 80, 81, 82, 83, 84, 85, 86, 87, 88, 89, 90, 91, 92, 94, 95, 96, 97, 101, 102, 104, 105, 107, 109, 110, 111, 113, 114, 117, 121, 122, 123, 124, 125, 126, 146, 147, 148, 149, 151, 152, 156, 157, 158, 159, 160, 165, 167, 168, 173, 178, 193, 196, 208, 209, 211, 214, 217, 218, 219, 220, 221, 222, 223, 224, 225, 226, 227, 228, 229, 230, 231, 232, 233, 234, 235, 236, 237, 238, 239, 240, 241, 244, 247, 248, 249, 250, 251, 252, 253, 254, 255, 256, 257, 260, 261, 262, 265, 266, 269, 271, 272, 273, 274, 277, 278, 281, 284, 287, 288, 292, 293, 294, 295, 296, 297, 299, 302, 313, 314, 315, 317, 318, 323, 324, 328, 329, 334, 335, 337, 338, 339, 342, 343, 348, 349, 350, 351, 354, 355, 360, 370, 372, 373, 374, 375, 377, 378, 380, 381, 382, 383, 385, 387, 389, 391, 393, 395, 396, 399, 404, 405, 407, 408, 409, 411, 412, 413, 414, 416, 417, 419, 420, 421, 427, 428, 429, 430, 431, 432, 433, 436, 437, 438, 439, 440, 444, 445, 446, 447, 448, 449, 450, 451, 452, 453, 454, 455, 456, 457, 459, 460, 462, 463, 467, 468, 469, 471, 473, 474, 475, 476, 477, 478, 479, 480, 481, 482, 483, 484, 488, 489, 490, 492, 495, 498, 499, 500, 502, 503, 504, 505, 506, 507, 508, 509, 511, 512, 513, 515, 516, 518, 523, 524, 525, 526, 528, 531, 532, 537, 538, 540, 541, 542, 544, 547, 548, 549, 550, 552, 553, 554, 557, 560, 570, 571, 572, 573, 574, 575, 577, 578, 580, 586, 587, 589, 590, 591, 592, 593, 595, 596, 597, 598, 599, 601, 602, 603, 604, 605, 606, 607, 608, 609, 611, 612, 619, 620, 621, 623, 624, 625, 626, 628, 629, 630, 631, 633, 634, 635, 636, 637, 638, 639, 643, 644, 645, 648, 649, 650, 652, 653, 656, 657, 659, 664, 665, 666, 668, 669, 671, 672, 673, 675, 676, 677, 679, 682, 685, 686, 687, 689, 690, 692, 693, 694, 696, 697, 700, 701, 702, 703, 704, 706, 707, 709, 710, 711, 712, 714, 715, 721, 722, 724, 725, 728, 758, 760, 761, 763, 764, 766, 767, 769, 770, 772, 773, 774, 776, 777, 780, 781, 782, 784, 785, 786, 789, 790, 791, 793, 794, 796, 798, 799, 800, 802, 805, 806, 807, 808, 809, 810, 811, 812, 813, 814, 815, 816, 817, 818, 819, 821, 822, 823, 824, 827, 828, 829, 831, 832, 833, 834, 835, 836, 837, 840, 841, 843, 844, 846, 847, 849, 850, 852, 853, 855, 856, 859, 860, 861, 863, 864, 865, 866, 867, 868, 869, 870, 871, 872, 873, 876, 877, 878, 880, 881, 882, 883, 884, 885, 886, 887, 904, 905, 912, 968, 973, 989, 990, 1030, 1031, 1043, 1054, 1055, 1058, 1059, 1071, 1289, 1400, 1472, 1493, 1523, 1524, 1538, 1539, 1544, 1633, 1693, 1831, 1832, 1893, 1894, 1895, 1897, 1899, 1900, 1921, 1938, 2007, 2064, 2082, 2122, 2148, 2149, 2152, 2153, 2168, 2169, 2195, 2196, 2213, 2214, 2225, 2226, 2233, 2234, 2243, 2244, 2253, 2254, 2265, 2266, 2291, 2292, 2313, 2361, 2488, 2541, 2578, 2784, 2814, 2854, 2876, 2877, 2887, 2903, 2934, 2935, 2946, 2977, 2978, 3037, 3059, 3088, 3089, 3100, 3152, 3158, 3251, 3687, 3724, 3838, 4055, 4254, 4312, 4380, 4497, 4559, 4579, 4599, 4630, 4667, 4734, 4735, 4763, 4810, 4823, 4828, 4836, 4841, 4858, 4859, 4878, 4903, 4935, 4994, 5015, 5084, 5097, 5112, 5151, 5191, 5204, 5265, 5281, 5301, 5302, 5310, 5311, 5369, 5425, 5772, 5818, 5857, 6158, 7374, 7375, 7380, 7381, 7384, 7385, 7390, 7391, 7402, 7419, 7427, 7580, 7614, 7648, 7693, 7703, 7724, 7731, 7763, 7781, 7820, 7854, 7890, 7911, 7926, 7937, 7990, 8003, 8006, 8022, 8041, 8077, 8219, 8237, 8970, 12963, 12974, 13001, 13021, 13048, 13064, 13092, 13129, 13183, 13234, 13235], "summary": {"covered_lines": 628, "num_statements": 662, "percent_covered": 94.86404833836858, "percent_covered_display": "95", "missing_lines": 34, "excluded_lines": 14, "percent_statements_covered": 94.86404833836858, "percent_statements_covered_display": "95"}, "missing_lines": [103, 127, 128, 133, 134, 135, 136, 137, 138, 153, 154, 242, 243, 285, 298, 434, 441, 458, 461, 464, 470, 485, 491, 514, 529, 533, 555, 640, 641, 646, 647, 654, 655, 787], "excluded_lines": [139, 140, 167, 168, 173, 178, 179, 180, 185, 190, 273, 274, 289, 290]}}}}, "totals": {"covered_lines": 5713, "num_statements": 6872, "percent_covered": 83.13445867287544, "percent_covered_display": "83", "missing_lines": 1159, "excluded_lines": 34, "percent_statements_covered": 83.13445867287544, "percent_statements_covered_display": "83"}}